  [4;36;1mSQL (31.7ms)[0m   [0;1mSET NAMES 'utf8'[0m
  [4;35;1mSQL (12.3ms)[0m   [0mSET SQL_AUTO_IS_NULL=0[0m
  [4;36;1mSQL (1.1ms)[0m   [0;1mSHOW TABLES[0m
  [4;35;1mSQL (57.6ms)[0m   [0mCREATE TABLE `schema_migrations` (`version` varchar(255) NOT NULL) ENGINE=InnoDB[0m
  [4;36;1mSQL (161.7ms)[0m   [0;1mCREATE UNIQUE INDEX `unique_schema_migrations` ON `schema_migrations` (`version`)[0m
  [4;35;1mSQL (0.3ms)[0m   [0mSHOW TABLES[0m
  [4;36;1mSQL (0.3ms)[0m   [0;1mSELECT version FROM schema_migrations[0m
Migrating to CreateUsers (20091022225523)
  [4;35;1mSQL (0.3ms)[0m   [0mSHOW TABLES[0m
  [4;36;1mSQL (94.7ms)[0m   [0;1mCREATE TABLE `users` (`id` int(11) DEFAULT NULL auto_increment PRIMARY KEY, `login` varchar(40), `name` varchar(100) DEFAULT '', `email` varchar(100), `crypted_password` varchar(40), `salt` varchar(40), `created_at` datetime, `updated_at` datetime, `remember_token` varchar(40), `remember_token_expires_at` datetime, `activation_code` varchar(40), `activated_at` datetime, `state` varchar(255) DEFAULT 'passive', `deleted_at` datetime) ENGINE=InnoDB[0m
  [4;35;1mSQL (99.6ms)[0m   [0mCREATE UNIQUE INDEX `index_users_on_login` ON `users` (`login`)[0m
  [4;36;1mSQL (0.5ms)[0m   [0;1mINSERT INTO schema_migrations (version) VALUES ('20091022225523')[0m
  [4;35;1mSQL (0.4ms)[0m   [0mSHOW TABLES[0m
  [4;36;1mSQL (0.1ms)[0m   [0;1mSELECT version FROM schema_migrations[0m
  [4;35;1mSQL (0.2ms)[0m   [0mSHOW TABLES[0m
  [4;36;1mSQL (1.9ms)[0m   [0;1mSHOW FIELDS FROM `users`[0m
  [4;35;1mSQL (1.6ms)[0m   [0mdescribe `users`[0m
  [4;36;1mSQL (0.2ms)[0m   [0;1mSHOW KEYS FROM `users`[0m
  [4;36;1mSQL (0.3ms)[0m   [0;1mSET NAMES 'utf8'[0m
  [4;35;1mSQL (0.1ms)[0m   [0mSET SQL_AUTO_IS_NULL=0[0m
  [4;36;1mSQL (0.4ms)[0m   [0;1mSHOW TABLES[0m
  [4;35;1mSQL (0.2ms)[0m   [0mSELECT version FROM schema_migrations[0m
Migrating to CreateUsers (20091022225523)
  [4;36;1mSQL (0.4ms)[0m   [0;1mSHOW TABLES[0m
  [4;35;1mSQL (0.1ms)[0m   [0mSELECT version FROM schema_migrations[0m
  [4;36;1mSQL (0.2ms)[0m   [0;1mSHOW TABLES[0m
  [4;35;1mSQL (1.7ms)[0m   [0mSHOW FIELDS FROM `users`[0m
  [4;36;1mSQL (1.5ms)[0m   [0;1mdescribe `users`[0m
  [4;35;1mSQL (0.2ms)[0m   [0mSHOW KEYS FROM `users`[0m
  [4;36;1mSQL (0.2ms)[0m   [0;1mSET NAMES 'utf8'[0m
  [4;35;1mSQL (0.1ms)[0m   [0mSET SQL_AUTO_IS_NULL=0[0m
  [4;36;1mSQL (0.3ms)[0m   [0;1mSHOW TABLES[0m
  [4;35;1mSQL (394.5ms)[0m   [0mCREATE TABLE `schema_migrations` (`version` varchar(255) NOT NULL) ENGINE=InnoDB[0m
  [4;36;1mSQL (160.2ms)[0m   [0;1mCREATE UNIQUE INDEX `unique_schema_migrations` ON `schema_migrations` (`version`)[0m
  [4;35;1mSQL (0.4ms)[0m   [0mSHOW TABLES[0m
  [4;36;1mSQL (0.3ms)[0m   [0;1mSELECT version FROM schema_migrations[0m
Migrating to CreateUsers (20091022225523)
  [4;35;1mSQL (0.3ms)[0m   [0mSHOW TABLES[0m
  [4;36;1mSQL (154.6ms)[0m   [0;1mCREATE TABLE `users` (`id` int(11) DEFAULT NULL auto_increment PRIMARY KEY, `login` varchar(40), `full_name` varchar(100) DEFAULT '', `short_name` varchar(100) DEFAULT '', `preferred_name` varchar(100) DEFAULT '', `email` varchar(100), `crypted_password` varchar(40), `salt` varchar(40), `created_at` datetime, `updated_at` datetime, `remember_token` varchar(40), `remember_token_expires_at` datetime, `activation_code` varchar(40), `activated_at` datetime, `state` varchar(255) DEFAULT 'passive', `type` varchar(255), `deleted_at` datetime) ENGINE=InnoDB[0m
  [4;35;1mSQL (101.1ms)[0m   [0mCREATE UNIQUE INDEX `index_users_on_login` ON `users` (`login`)[0m
  [4;36;1mSQL (0.6ms)[0m   [0;1mINSERT INTO schema_migrations (version) VALUES ('20091022225523')[0m
  [4;35;1mSQL (0.4ms)[0m   [0mSHOW TABLES[0m
  [4;36;1mSQL (0.1ms)[0m   [0;1mSELECT version FROM schema_migrations[0m
  [4;35;1mSQL (0.5ms)[0m   [0mSHOW TABLES[0m
  [4;36;1mSQL (1.9ms)[0m   [0;1mSHOW FIELDS FROM `users`[0m
  [4;35;1mSQL (2.2ms)[0m   [0mdescribe `users`[0m
  [4;36;1mSQL (0.3ms)[0m   [0;1mSHOW KEYS FROM `users`[0m
  [4;36;1mSQL (0.1ms)[0m   [0;1mSET NAMES 'utf8'[0m
  [4;35;1mSQL (0.1ms)[0m   [0mSET SQL_AUTO_IS_NULL=0[0m
  [4;36;1mEditor Columns (1.8ms)[0m   [0;1mSHOW FIELDS FROM `users`[0m
  [4;36;1mSQL (0.2ms)[0m   [0;1mSET NAMES 'utf8'[0m
  [4;35;1mSQL (0.1ms)[0m   [0mSET SQL_AUTO_IS_NULL=0[0m
  [4;36;1mClient Columns (1.8ms)[0m   [0;1mSHOW FIELDS FROM `users`[0m
  [4;36;1mSQL (0.1ms)[0m   [0;1mSET NAMES 'utf8'[0m
  [4;35;1mSQL (0.1ms)[0m   [0mSET SQL_AUTO_IS_NULL=0[0m
  [4;36;1mSQL (0.4ms)[0m   [0;1mSHOW TABLES[0m
  [4;35;1mSQL (0.2ms)[0m   [0mSELECT version FROM schema_migrations[0m
Migrating to CreateUsers (20091022225523)
Migrating to CreateInstitutions (20091022231614)
  [4;36;1mSQL (37.4ms)[0m   [0;1mCREATE TABLE `institutions` (`id` int(11) DEFAULT NULL auto_increment PRIMARY KEY, `full_name` varchar(255), `short_name` varchar(255), `abbreviation` varchar(255), `type` varchar(255), `created_at` datetime, `updated_at` datetime) ENGINE=InnoDB[0m
  [4;35;1mSQL (0.5ms)[0m   [0mINSERT INTO schema_migrations (version) VALUES ('20091022231614')[0m
  [4;36;1mSQL (0.5ms)[0m   [0;1mSHOW TABLES[0m
  [4;35;1mSQL (0.1ms)[0m   [0mSELECT version FROM schema_migrations[0m
  [4;36;1mSQL (0.3ms)[0m   [0;1mSHOW TABLES[0m
  [4;35;1mSQL (1.6ms)[0m   [0mSHOW FIELDS FROM `institutions`[0m
  [4;36;1mSQL (1.4ms)[0m   [0;1mdescribe `institutions`[0m
  [4;35;1mSQL (0.4ms)[0m   [0mSHOW KEYS FROM `institutions`[0m
  [4;36;1mSQL (1.6ms)[0m   [0;1mSHOW FIELDS FROM `users`[0m
  [4;35;1mSQL (1.7ms)[0m   [0mdescribe `users`[0m
  [4;36;1mSQL (0.2ms)[0m   [0;1mSHOW KEYS FROM `users`[0m
  [4;36;1mSQL (0.1ms)[0m   [0;1mSET NAMES 'utf8'[0m
  [4;35;1mSQL (0.1ms)[0m   [0mSET SQL_AUTO_IS_NULL=0[0m
  [4;36;1mBschool Columns (0.0ms)[0m   [0;1mMysql::Error: Table 'sayulita_development.bschools' doesn't exist: SHOW FIELDS FROM `bschools`[0m
  [4;36;1mSQL (0.1ms)[0m   [0;1mSET NAMES 'utf8'[0m
  [4;35;1mSQL (0.1ms)[0m   [0mSET SQL_AUTO_IS_NULL=0[0m
  [4;36;1mBschool Columns (1.5ms)[0m   [0;1mSHOW FIELDS FROM `institutions`[0m
  [4;35;1mInstitution Columns (1.5ms)[0m   [0mSHOW FIELDS FROM `institutions`[0m
  [4;36;1mSQL (0.1ms)[0m   [0;1mSET NAMES 'utf8'[0m
  [4;35;1mSQL (0.1ms)[0m   [0mSET SQL_AUTO_IS_NULL=0[0m
  [4;36;1mInstitution Columns (1.5ms)[0m   [0;1mSHOW FIELDS FROM `institutions`[0m
  [4;35;1mSQL (0.1ms)[0m   [0mBEGIN[0m
  [4;36;1mInstitution Create (0.3ms)[0m   [0;1mINSERT INTO `institutions` (`updated_at`, `abbreviation`, `type`, `short_name`, `full_name`, `created_at`) VALUES('2009-10-22 23:19:32', NULL, NULL, NULL, NULL, '2009-10-22 23:19:32')[0m
  [4;35;1mSQL (69.2ms)[0m   [0mCOMMIT[0m
  [4;36;1mSQL (0.1ms)[0m   [0;1mSET NAMES 'utf8'[0m
  [4;35;1mSQL (0.1ms)[0m   [0mSET SQL_AUTO_IS_NULL=0[0m
  [4;36;1mInstitution Columns (1.8ms)[0m   [0;1mSHOW FIELDS FROM `institutions`[0m
  [4;35;1mSQL (0.1ms)[0m   [0mBEGIN[0m
  [4;36;1mInstitution Create (0.2ms)[0m   [0;1mINSERT INTO `institutions` (`updated_at`, `abbreviation`, `type`, `short_name`, `full_name`, `created_at`) VALUES('2009-10-22 23:20:26', NULL, NULL, NULL, NULL, '2009-10-22 23:20:26')[0m
  [4;35;1mSQL (0.4ms)[0m   [0mCOMMIT[0m
  [4;36;1mSQL (0.2ms)[0m   [0;1mSET NAMES 'utf8'[0m
  [4;35;1mSQL (0.1ms)[0m   [0mSET SQL_AUTO_IS_NULL=0[0m
  [4;36;1mInstitution Columns (1.6ms)[0m   [0;1mSHOW FIELDS FROM `institutions`[0m
  [4;35;1mSQL (0.1ms)[0m   [0mBEGIN[0m
  [4;36;1mInstitution Create (0.3ms)[0m   [0;1mINSERT INTO `institutions` (`updated_at`, `abbreviation`, `type`, `short_name`, `full_name`, `created_at`) VALUES('2009-10-22 23:24:58', NULL, NULL, NULL, NULL, '2009-10-22 23:24:58')[0m
  [4;35;1mSQL (0.4ms)[0m   [0mCOMMIT[0m
  [4;36;1mSQL (0.1ms)[0m   [0;1mBEGIN[0m
  [4;35;1mInstitution Destroy (0.3ms)[0m   [0mDELETE FROM `institutions` WHERE `id` = 3[0m
  [4;36;1mSQL (0.4ms)[0m   [0;1mCOMMIT[0m
  [4;36;1mSQL (0.1ms)[0m   [0;1mSET NAMES 'utf8'[0m
  [4;35;1mSQL (0.1ms)[0m   [0mSET SQL_AUTO_IS_NULL=0[0m
  [4;36;1mSQL (0.4ms)[0m   [0;1mSHOW TABLES[0m
  [4;35;1mSQL (0.2ms)[0m   [0mSELECT version FROM schema_migrations[0m
Migrating to CreateUsers (20091022225523)
Migrating to CreateInstitutions (20091022231614)
Migrating to CreateAddresses (20091022232653)
  [4;36;1mSQL (54.2ms)[0m   [0;1mCREATE TABLE `addresses` (`id` int(11) DEFAULT NULL auto_increment PRIMARY KEY, `institution_id` int(11), `user_id` int(11), `address1` varchar(255), `address2` varchar(255), `address3` varchar(255), `city` varchar(255), `state` varchar(255), `postal_code` varchar(255), `country` varchar(255), `type` varchar(255), `created_at` datetime, `updated_at` datetime) ENGINE=InnoDB[0m
  [4;35;1mSQL (0.5ms)[0m   [0mINSERT INTO schema_migrations (version) VALUES ('20091022232653')[0m
  [4;36;1mSQL (0.4ms)[0m   [0;1mSHOW TABLES[0m
  [4;35;1mSQL (0.2ms)[0m   [0mSELECT version FROM schema_migrations[0m
  [4;36;1mSQL (0.3ms)[0m   [0;1mSHOW TABLES[0m
  [4;35;1mSQL (2.0ms)[0m   [0mSHOW FIELDS FROM `addresses`[0m
  [4;36;1mSQL (1.6ms)[0m   [0;1mdescribe `addresses`[0m
  [4;35;1mSQL (0.7ms)[0m   [0mSHOW KEYS FROM `addresses`[0m
  [4;36;1mSQL (1.2ms)[0m   [0;1mSHOW FIELDS FROM `institutions`[0m
  [4;35;1mSQL (1.4ms)[0m   [0mdescribe `institutions`[0m
  [4;36;1mSQL (0.4ms)[0m   [0;1mSHOW KEYS FROM `institutions`[0m
  [4;35;1mSQL (1.5ms)[0m   [0mSHOW FIELDS FROM `users`[0m
  [4;36;1mSQL (17.1ms)[0m   [0;1mdescribe `users`[0m
  [4;35;1mSQL (0.4ms)[0m   [0mSHOW KEYS FROM `users`[0m
  [4;36;1mSQL (0.1ms)[0m   [0;1mSET NAMES 'utf8'[0m
  [4;35;1mSQL (0.1ms)[0m   [0mSET SQL_AUTO_IS_NULL=0[0m
  [4;36;1mAddressBusiness Columns (1.7ms)[0m   [0;1mSHOW FIELDS FROM `addresses`[0m
  [4;36;1mSQL (0.1ms)[0m   [0;1mSET NAMES 'utf8'[0m
  [4;35;1mSQL (0.1ms)[0m   [0mSET SQL_AUTO_IS_NULL=0[0m
  [4;36;1mUgradInstitution Columns (1.8ms)[0m   [0;1mSHOW FIELDS FROM `institutions`[0m
  [4;36;1mSQL (0.1ms)[0m   [0;1mSET NAMES 'utf8'[0m
  [4;35;1mSQL (0.1ms)[0m   [0mSET SQL_AUTO_IS_NULL=0[0m
  [4;36;1mSQL (0.4ms)[0m   [0;1mSHOW TABLES[0m
  [4;35;1mSQL (0.2ms)[0m   [0mSELECT version FROM schema_migrations[0m
Migrating to CreateUsers (20091022225523)
Migrating to CreateInstitutions (20091022231614)
Migrating to CreateAddresses (20091022232653)
Migrating to CreateBschoolApps (20091022233418)
  [4;36;1mSQL (134.4ms)[0m   [0;1mCREATE TABLE `bschool_apps` (`id` int(11) DEFAULT NULL auto_increment PRIMARY KEY, `bschool_institution_id` int(11), `year` int(11), `created_at` datetime, `updated_at` datetime) ENGINE=InnoDB[0m
  [4;35;1mSQL (0.4ms)[0m   [0mINSERT INTO schema_migrations (version) VALUES ('20091022233418')[0m
  [4;36;1mSQL (0.4ms)[0m   [0;1mSHOW TABLES[0m
  [4;35;1mSQL (0.1ms)[0m   [0mSELECT version FROM schema_migrations[0m
  [4;36;1mSQL (0.3ms)[0m   [0;1mSHOW TABLES[0m
  [4;35;1mSQL (1.7ms)[0m   [0mSHOW FIELDS FROM `addresses`[0m
  [4;36;1mSQL (1.8ms)[0m   [0;1mdescribe `addresses`[0m
  [4;35;1mSQL (0.2ms)[0m   [0mSHOW KEYS FROM `addresses`[0m
  [4;36;1mSQL (1.3ms)[0m   [0;1mSHOW FIELDS FROM `bschool_apps`[0m
  [4;35;1mSQL (1.4ms)[0m   [0mdescribe `bschool_apps`[0m
  [4;36;1mSQL (0.4ms)[0m   [0;1mSHOW KEYS FROM `bschool_apps`[0m
  [4;35;1mSQL (1.2ms)[0m   [0mSHOW FIELDS FROM `institutions`[0m
  [4;36;1mSQL (1.5ms)[0m   [0;1mdescribe `institutions`[0m
  [4;35;1mSQL (0.3ms)[0m   [0mSHOW KEYS FROM `institutions`[0m
  [4;36;1mSQL (1.6ms)[0m   [0;1mSHOW FIELDS FROM `users`[0m
  [4;35;1mSQL (2.2ms)[0m   [0mdescribe `users`[0m
  [4;36;1mSQL (0.3ms)[0m   [0;1mSHOW KEYS FROM `users`[0m
  [4;36;1mSQL (0.2ms)[0m   [0;1mSET NAMES 'utf8'[0m
  [4;35;1mSQL (0.1ms)[0m   [0mSET SQL_AUTO_IS_NULL=0[0m
  [4;36;1mBschoolApp Columns (1.5ms)[0m   [0;1mSHOW FIELDS FROM `bschool_apps`[0m
  [4;36;1mSQL (0.1ms)[0m   [0;1mSET NAMES 'utf8'[0m
  [4;35;1mSQL (0.1ms)[0m   [0mSET SQL_AUTO_IS_NULL=0[0m
  [4;36;1mSQL (0.4ms)[0m   [0;1mSHOW TABLES[0m
  [4;35;1mSQL (0.2ms)[0m   [0mSELECT version FROM schema_migrations[0m
Migrating to CreateUsers (20091022225523)
Migrating to CreateInstitutions (20091022231614)
Migrating to CreateAddresses (20091022232653)
Migrating to CreateBschoolApps (20091022233418)
Migrating to CreateArtifactBundles (20091022233552)
  [4;36;1mSQL (39.8ms)[0m   [0;1mCREATE TABLE `artifact_bundles` (`id` int(11) DEFAULT NULL auto_increment PRIMARY KEY, `bschool_app_id` int(11), `required` int(11), `total` int(11), `created_at` datetime, `updated_at` datetime) ENGINE=InnoDB[0m
  [4;35;1mSQL (0.4ms)[0m   [0mINSERT INTO schema_migrations (version) VALUES ('20091022233552')[0m
  [4;36;1mSQL (0.6ms)[0m   [0;1mSHOW TABLES[0m
  [4;35;1mSQL (0.2ms)[0m   [0mSELECT version FROM schema_migrations[0m
  [4;36;1mSQL (0.3ms)[0m   [0;1mSHOW TABLES[0m
  [4;35;1mSQL (1.7ms)[0m   [0mSHOW FIELDS FROM `addresses`[0m
  [4;36;1mSQL (2.0ms)[0m   [0;1mdescribe `addresses`[0m
  [4;35;1mSQL (0.3ms)[0m   [0mSHOW KEYS FROM `addresses`[0m
  [4;36;1mSQL (1.4ms)[0m   [0;1mSHOW FIELDS FROM `artifact_bundles`[0m
  [4;35;1mSQL (1.5ms)[0m   [0mdescribe `artifact_bundles`[0m
  [4;36;1mSQL (0.4ms)[0m   [0;1mSHOW KEYS FROM `artifact_bundles`[0m
  [4;35;1mSQL (1.1ms)[0m   [0mSHOW FIELDS FROM `bschool_apps`[0m
  [4;36;1mSQL (1.8ms)[0m   [0;1mdescribe `bschool_apps`[0m
  [4;35;1mSQL (0.4ms)[0m   [0mSHOW KEYS FROM `bschool_apps`[0m
  [4;36;1mSQL (1.2ms)[0m   [0;1mSHOW FIELDS FROM `institutions`[0m
  [4;35;1mSQL (1.4ms)[0m   [0mdescribe `institutions`[0m
  [4;36;1mSQL (0.4ms)[0m   [0;1mSHOW KEYS FROM `institutions`[0m
  [4;35;1mSQL (1.5ms)[0m   [0mSHOW FIELDS FROM `users`[0m
  [4;36;1mSQL (2.0ms)[0m   [0;1mdescribe `users`[0m
  [4;35;1mSQL (0.2ms)[0m   [0mSHOW KEYS FROM `users`[0m
  [4;36;1mSQL (0.1ms)[0m   [0;1mSET NAMES 'utf8'[0m
  [4;35;1mSQL (0.1ms)[0m   [0mSET SQL_AUTO_IS_NULL=0[0m
  [4;36;1mSQL (0.4ms)[0m   [0;1mSHOW TABLES[0m
  [4;35;1mSQL (0.2ms)[0m   [0mSELECT version FROM schema_migrations[0m
Migrating to CreateUsers (20091022225523)
Migrating to CreateInstitutions (20091022231614)
Migrating to CreateAddresses (20091022232653)
Migrating to CreateBschoolApps (20091022233418)
Migrating to CreateArtifactBundles (20091022233552)
Migrating to CreateArtifacts (20091022233808)
  [4;36;1mSQL (58.3ms)[0m   [0;1mCREATE TABLE `artifacts` (`id` int(11) DEFAULT NULL auto_increment PRIMARY KEY, `artifact_bundle_id` int(11), `prompt` text, `max_length` int(11), `type` varchar(255), `created_at` datetime, `updated_at` datetime) ENGINE=InnoDB[0m
  [4;35;1mSQL (0.4ms)[0m   [0mINSERT INTO schema_migrations (version) VALUES ('20091022233808')[0m
  [4;36;1mSQL (0.6ms)[0m   [0;1mSHOW TABLES[0m
  [4;35;1mSQL (0.2ms)[0m   [0mSELECT version FROM schema_migrations[0m
  [4;36;1mSQL (0.4ms)[0m   [0;1mSHOW TABLES[0m
  [4;35;1mSQL (1.7ms)[0m   [0mSHOW FIELDS FROM `addresses`[0m
  [4;36;1mSQL (2.0ms)[0m   [0;1mdescribe `addresses`[0m
  [4;35;1mSQL (0.3ms)[0m   [0mSHOW KEYS FROM `addresses`[0m
  [4;36;1mSQL (1.2ms)[0m   [0;1mSHOW FIELDS FROM `artifact_bundles`[0m
  [4;35;1mSQL (1.4ms)[0m   [0mdescribe `artifact_bundles`[0m
  [4;36;1mSQL (0.4ms)[0m   [0;1mSHOW KEYS FROM `artifact_bundles`[0m
  [4;35;1mSQL (1.3ms)[0m   [0mSHOW FIELDS FROM `artifacts`[0m
  [4;36;1mSQL (2.0ms)[0m   [0;1mdescribe `artifacts`[0m
  [4;35;1mSQL (0.2ms)[0m   [0mSHOW KEYS FROM `artifacts`[0m
  [4;36;1mSQL (1.2ms)[0m   [0;1mSHOW FIELDS FROM `bschool_apps`[0m
  [4;35;1mSQL (1.9ms)[0m   [0mdescribe `bschool_apps`[0m
  [4;36;1mSQL (0.5ms)[0m   [0;1mSHOW KEYS FROM `bschool_apps`[0m
  [4;35;1mSQL (1.2ms)[0m   [0mSHOW FIELDS FROM `institutions`[0m
  [4;36;1mSQL (1.4ms)[0m   [0;1mdescribe `institutions`[0m
  [4;35;1mSQL (0.5ms)[0m   [0mSHOW KEYS FROM `institutions`[0m
  [4;36;1mSQL (1.5ms)[0m   [0;1mSHOW FIELDS FROM `users`[0m
  [4;35;1mSQL (1.5ms)[0m   [0mdescribe `users`[0m
  [4;36;1mSQL (0.6ms)[0m   [0;1mSHOW KEYS FROM `users`[0m
  [4;36;1mSQL (0.1ms)[0m   [0;1mSET NAMES 'utf8'[0m
  [4;35;1mSQL (0.1ms)[0m   [0mSET SQL_AUTO_IS_NULL=0[0m
  [4;36;1mEssayArtifact Columns (1.5ms)[0m   [0;1mSHOW FIELDS FROM `artifacts`[0m
  [4;36;1mSQL (0.1ms)[0m   [0;1mSET NAMES 'utf8'[0m
  [4;35;1mSQL (0.1ms)[0m   [0mSET SQL_AUTO_IS_NULL=0[0m


Processing UsersController#index (for 127.0.0.1 at 2009-10-22 18:46:46) [GET]

ActionController::UnknownAction (No action responded to index. Actions: activate, create, destroy, new, purge, suspend, and unsuspend):
  

Rendering rescues/layout (not_found)
  [4;36;1mSQL (0.1ms)[0m   [0;1mSET NAMES 'utf8'[0m
  [4;35;1mSQL (0.1ms)[0m   [0mSET SQL_AUTO_IS_NULL=0[0m


Processing UsersController#new (for 127.0.0.1 at 2009-10-22 18:47:08) [GET]
  [4;36;1mUser Columns (2.0ms)[0m   [0;1mSHOW FIELDS FROM `users`[0m
Rendering users/new
Completed in 113ms (View: 84, DB: 2) | 200 OK [http://localhost/users/new]
  [4;35;1mSQL (0.1ms)[0m   [0mSET NAMES 'utf8'[0m
  [4;36;1mSQL (0.1ms)[0m   [0;1mSET SQL_AUTO_IS_NULL=0[0m


Processing InstitutionsController#new (for 127.0.0.1 at 2009-10-22 18:47:17) [GET]
  [4;35;1mInstitution Columns (1.7ms)[0m   [0mSHOW FIELDS FROM `institutions`[0m
Rendering template within layouts/institutions
Rendering institutions/new
Rendered institutions/_form (2.9ms)
Completed in 81ms (View: 74, DB: 2) | 200 OK [http://localhost/institutions/new]
  [4;36;1mSQL (0.2ms)[0m   [0;1mSET NAMES 'utf8'[0m
  [4;35;1mSQL (0.1ms)[0m   [0mSET SQL_AUTO_IS_NULL=0[0m
  [4;36;1mBschoolInstitution Columns (1.5ms)[0m   [0;1mSHOW FIELDS FROM `institutions`[0m
  [4;36;1mSQL (0.1ms)[0m   [0;1mSET NAMES 'utf8'[0m
  [4;35;1mSQL (0.1ms)[0m   [0mSET SQL_AUTO_IS_NULL=0[0m


Processing ApplicationController#new (for 127.0.0.1 at 2009-10-22 18:51:22) [GET]
  Parameters: {"type"=>"BschoolInstitution"}

NameError (uninitialized constant InstitutionController):
  

Rendered rescues/_trace (23.1ms)
Rendered rescues/_request_and_response (1.3ms)
Rendering rescues/layout (internal_server_error)
  [4;36;1mSQL (0.2ms)[0m   [0;1mSET NAMES 'utf8'[0m
  [4;35;1mSQL (0.1ms)[0m   [0mSET SQL_AUTO_IS_NULL=0[0m


Processing InstitutionsController#new (for 127.0.0.1 at 2009-10-22 18:51:36) [GET]
  Parameters: {"type"=>"BschoolInstitution"}
  [4;36;1mInstitution Columns (1.7ms)[0m   [0;1mSHOW FIELDS FROM `institutions`[0m
Rendering template within layouts/institutions
Rendering institutions/new
Rendered institutions/_form (2.9ms)
Completed in 41ms (View: 35, DB: 2) | 200 OK [http://localhost/bschools/new]
  [4;35;1mSQL (0.1ms)[0m   [0mSET NAMES 'utf8'[0m
  [4;36;1mSQL (0.1ms)[0m   [0;1mSET SQL_AUTO_IS_NULL=0[0m


Processing InstitutionsController#create (for 127.0.0.1 at 2009-10-22 18:52:55) [POST]
  Parameters: {"commit"=>"Create", "institution"=>{"abbreviation"=>"HBS", "type"=>"BusinessInstitution", "short_name"=>"Harvard", "full_name"=>"Harvard Business School"}, "authenticity_token"=>"aRwAwsj9witxiispD1mNZrblQXk4oW/yUMHnF3nQESs="}
  [4;35;1mInstitution Columns (1.7ms)[0m   [0mSHOW FIELDS FROM `institutions`[0m
WARNING: Can't mass-assign these protected attributes: type
  [4;36;1mSQL (0.1ms)[0m   [0;1mBEGIN[0m
  [4;35;1mSQL (0.1ms)[0m   [0mROLLBACK[0m
Rendering template within layouts/institutions
Rendering institutions/new
Rendered institutions/_form (3.7ms)
Completed in 21ms (View: 12, DB: 2) | 200 OK [http://localhost/institutions]
  [4;36;1mSQL (0.1ms)[0m   [0;1mSET NAMES 'utf8'[0m
  [4;35;1mSQL (0.1ms)[0m   [0mSET SQL_AUTO_IS_NULL=0[0m


Processing InstitutionsController#create (for 127.0.0.1 at 2009-10-22 18:53:03) [POST]
  Parameters: {"commit"=>"Create", "institution"=>{"abbreviation"=>"HBS", "type"=>"BusinessInstitution", "short_name"=>"Harvard", "full_name"=>"Harvard Business School"}, "authenticity_token"=>"aRwAwsj9witxiispD1mNZrblQXk4oW/yUMHnF3nQESs="}
  [4;36;1mInstitution Columns (1.6ms)[0m   [0;1mSHOW FIELDS FROM `institutions`[0m
WARNING: Can't mass-assign these protected attributes: type
  [4;35;1mSQL (0.1ms)[0m   [0mBEGIN[0m
  [4;36;1mSQL (0.1ms)[0m   [0;1mROLLBACK[0m
Rendering template within layouts/institutions
Rendering institutions/new
Rendered institutions/_form (3.8ms)
Completed in 72ms (View: 63, DB: 2) | 200 OK [http://localhost/institutions]
  [4;36;1mSQL (0.2ms)[0m   [0;1mSET NAMES 'utf8'[0m
  [4;35;1mSQL (0.1ms)[0m   [0mSET SQL_AUTO_IS_NULL=0[0m
  [4;36;1mBschool Columns (1.7ms)[0m   [0;1mSHOW FIELDS FROM `institutions`[0m
  [4;35;1mEssay Columns (1.8ms)[0m   [0mSHOW FIELDS FROM `artifacts`[0m
  [4;36;1mSQL (0.1ms)[0m   [0;1mSET NAMES 'utf8'[0m
  [4;35;1mSQL (0.1ms)[0m   [0mSET SQL_AUTO_IS_NULL=0[0m
  [4;36;1mClient Columns (1.9ms)[0m   [0;1mSHOW FIELDS FROM `users`[0m
  [4;35;1mSQL (0.1ms)[0m   [0mBEGIN[0m
  [4;36;1mUser Columns (1.8ms)[0m   [0;1mSHOW FIELDS FROM `users`[0m
  [4;35;1mUser Load (0.5ms)[0m   [0mSELECT `users`.id FROM `users` WHERE (`users`.`login` IS NULL) LIMIT 1[0m
  [4;36;1mSQL (0.1ms)[0m   [0;1mROLLBACK[0m
  [4;36;1mSQL (0.1ms)[0m   [0;1mSET NAMES 'utf8'[0m
  [4;35;1mSQL (0.1ms)[0m   [0mSET SQL_AUTO_IS_NULL=0[0m
  [4;36;1mSQL (6.8ms)[0m   [0;1mSHOW TABLES[0m
  [4;35;1mSQL (0.2ms)[0m   [0mSELECT version FROM schema_migrations[0m
Migrating to CreateUsers (20091022225523)
Migrating to CreateInstitutions (20091022231614)
Migrating to CreateAddresses (20091022232653)
Migrating to CreateBschoolApps (20091022233418)
Migrating to CreateArtifactBundles (20091022233552)
Migrating to CreateArtifacts (20091022233808)
Migrating to RenameFullName (20091023193426)
  [4;36;1mSQL (1.9ms)[0m   [0;1mSHOW FIELDS FROM `users`[0m
  [4;35;1mSQL (1.4ms)[0m   [0mSHOW COLUMNS FROM `users` LIKE 'full_name'[0m
  [4;36;1mSQL (71.9ms)[0m   [0;1mALTER TABLE `users` CHANGE `full_name` `name` varchar(100) DEFAULT ''[0m
  [4;35;1mSQL (0.4ms)[0m   [0mINSERT INTO schema_migrations (version) VALUES ('20091023193426')[0m
  [4;36;1mSQL (0.6ms)[0m   [0;1mSHOW TABLES[0m
  [4;35;1mSQL (0.2ms)[0m   [0mSELECT version FROM schema_migrations[0m
  [4;36;1mSQL (0.4ms)[0m   [0;1mSHOW TABLES[0m
  [4;35;1mSQL (1.6ms)[0m   [0mSHOW FIELDS FROM `addresses`[0m
  [4;36;1mSQL (2.3ms)[0m   [0;1mdescribe `addresses`[0m
  [4;35;1mSQL (0.3ms)[0m   [0mSHOW KEYS FROM `addresses`[0m
  [4;36;1mSQL (1.2ms)[0m   [0;1mSHOW FIELDS FROM `artifact_bundles`[0m
  [4;35;1mSQL (1.5ms)[0m   [0mdescribe `artifact_bundles`[0m
  [4;36;1mSQL (0.6ms)[0m   [0;1mSHOW KEYS FROM `artifact_bundles`[0m
  [4;35;1mSQL (1.4ms)[0m   [0mSHOW FIELDS FROM `artifacts`[0m
  [4;36;1mSQL (1.4ms)[0m   [0;1mdescribe `artifacts`[0m
  [4;35;1mSQL (0.4ms)[0m   [0mSHOW KEYS FROM `artifacts`[0m
  [4;36;1mSQL (1.2ms)[0m   [0;1mSHOW FIELDS FROM `bschool_apps`[0m
  [4;35;1mSQL (1.7ms)[0m   [0mdescribe `bschool_apps`[0m
  [4;36;1mSQL (0.5ms)[0m   [0;1mSHOW KEYS FROM `bschool_apps`[0m
  [4;35;1mSQL (1.2ms)[0m   [0mSHOW FIELDS FROM `institutions`[0m
  [4;36;1mSQL (1.3ms)[0m   [0;1mdescribe `institutions`[0m
  [4;35;1mSQL (0.4ms)[0m   [0mSHOW KEYS FROM `institutions`[0m
  [4;36;1mSQL (1.6ms)[0m   [0;1mSHOW FIELDS FROM `users`[0m
  [4;35;1mSQL (1.8ms)[0m   [0mdescribe `users`[0m
  [4;36;1mSQL (0.6ms)[0m   [0;1mSHOW KEYS FROM `users`[0m
  [4;36;1mSQL (0.1ms)[0m   [0;1mSET NAMES 'utf8'[0m
  [4;35;1mSQL (0.1ms)[0m   [0mSET SQL_AUTO_IS_NULL=0[0m
  [4;36;1mClient Columns (1.9ms)[0m   [0;1mSHOW FIELDS FROM `users`[0m
  [4;35;1mSQL (0.2ms)[0m   [0mBEGIN[0m
  [4;36;1mUser Columns (1.8ms)[0m   [0;1mSHOW FIELDS FROM `users`[0m
  [4;35;1mUser Load (0.3ms)[0m   [0mSELECT `users`.id FROM `users` WHERE (`users`.`login` IS NULL) LIMIT 1[0m
  [4;36;1mUser Load (0.2ms)[0m   [0;1mSELECT `users`.id FROM `users` WHERE (`users`.`email` IS NULL) LIMIT 1[0m
  [4;35;1mSQL (0.1ms)[0m   [0mROLLBACK[0m
  [4;36;1mSQL (0.1ms)[0m   [0;1mSET NAMES 'utf8'[0m
  [4;35;1mSQL (0.1ms)[0m   [0mSET SQL_AUTO_IS_NULL=0[0m
  [4;36;1mSQL (0.5ms)[0m   [0;1mSHOW TABLES[0m
  [4;35;1mSQL (0.2ms)[0m   [0mSELECT version FROM schema_migrations[0m
Migrating to CreateUsers (20091022225523)
Migrating to CreateInstitutions (20091022231614)
Migrating to CreateAddresses (20091022232653)
Migrating to CreateBschoolApps (20091022233418)
Migrating to CreateArtifactBundles (20091022233552)
Migrating to CreateArtifacts (20091022233808)
Migrating to RenameFullName (20091023193426)
Migrating to RefactorUserPerson (20091023195758)
  [4;36;1mSQL (78.0ms)[0m   [0;1mALTER TABLE `users` DROP `short_name`[0m
  [4;35;1mSQL (138.4ms)[0m   [0mALTER TABLE `users` DROP `preferred_name`[0m
  [4;36;1mSQL (96.8ms)[0m   [0;1mALTER TABLE `users` ADD `person_id` int(11)[0m
  [4;35;1mSQL (0.5ms)[0m   [0mINSERT INTO schema_migrations (version) VALUES ('20091023195758')[0m
  [4;36;1mSQL (0.6ms)[0m   [0;1mSHOW TABLES[0m
  [4;35;1mSQL (0.1ms)[0m   [0mSELECT version FROM schema_migrations[0m
  [4;36;1mSQL (0.4ms)[0m   [0;1mSHOW TABLES[0m
  [4;35;1mSQL (1.9ms)[0m   [0mSHOW FIELDS FROM `addresses`[0m
  [4;36;1mSQL (1.6ms)[0m   [0;1mdescribe `addresses`[0m
  [4;35;1mSQL (0.2ms)[0m   [0mSHOW KEYS FROM `addresses`[0m
  [4;36;1mSQL (1.2ms)[0m   [0;1mSHOW FIELDS FROM `artifact_bundles`[0m
  [4;35;1mSQL (1.5ms)[0m   [0mdescribe `artifact_bundles`[0m
  [4;36;1mSQL (0.4ms)[0m   [0;1mSHOW KEYS FROM `artifact_bundles`[0m
  [4;35;1mSQL (1.2ms)[0m   [0mSHOW FIELDS FROM `artifacts`[0m
  [4;36;1mSQL (1.4ms)[0m   [0;1mdescribe `artifacts`[0m
  [4;35;1mSQL (0.4ms)[0m   [0mSHOW KEYS FROM `artifacts`[0m
  [4;36;1mSQL (1.5ms)[0m   [0;1mSHOW FIELDS FROM `bschool_apps`[0m
  [4;35;1mSQL (1.5ms)[0m   [0mdescribe `bschool_apps`[0m
  [4;36;1mSQL (0.4ms)[0m   [0;1mSHOW KEYS FROM `bschool_apps`[0m
  [4;35;1mSQL (1.2ms)[0m   [0mSHOW FIELDS FROM `institutions`[0m
  [4;36;1mSQL (1.2ms)[0m   [0;1mdescribe `institutions`[0m
  [4;35;1mSQL (0.2ms)[0m   [0mSHOW KEYS FROM `institutions`[0m
  [4;36;1mSQL (1.6ms)[0m   [0;1mSHOW FIELDS FROM `users`[0m
  [4;35;1mSQL (1.8ms)[0m   [0mdescribe `users`[0m
  [4;36;1mSQL (0.3ms)[0m   [0;1mSHOW KEYS FROM `users`[0m
  [4;36;1mSQL (0.1ms)[0m   [0;1mSET NAMES 'utf8'[0m
  [4;35;1mSQL (0.1ms)[0m   [0mSET SQL_AUTO_IS_NULL=0[0m
  [4;36;1mSQL (0.5ms)[0m   [0;1mSHOW TABLES[0m
  [4;35;1mSQL (0.2ms)[0m   [0mSELECT version FROM schema_migrations[0m
Migrating to CreateUsers (20091022225523)
Migrating to CreateInstitutions (20091022231614)
Migrating to CreateAddresses (20091022232653)
Migrating to CreateBschoolApps (20091022233418)
Migrating to CreateArtifactBundles (20091022233552)
Migrating to CreateArtifacts (20091022233808)
Migrating to RenameFullName (20091023193426)
Migrating to RefactorUserPerson (20091023195758)
Migrating to CreatePeople (20091023200414)
  [4;36;1mSQL (62.6ms)[0m   [0;1mCREATE TABLE `people` (`id` int(11) DEFAULT NULL auto_increment PRIMARY KEY, `full_name` varchar(255), `preferred_name` varchar(255), `abbreviation` varchar(255), `dob` date, `sex` varchar(255), `created_at` datetime, `updated_at` datetime) ENGINE=InnoDB[0m
  [4;35;1mSQL (0.6ms)[0m   [0mINSERT INTO schema_migrations (version) VALUES ('20091023200414')[0m
  [4;36;1mSQL (0.5ms)[0m   [0;1mSHOW TABLES[0m
  [4;35;1mSQL (0.2ms)[0m   [0mSELECT version FROM schema_migrations[0m
  [4;36;1mSQL (0.4ms)[0m   [0;1mSHOW TABLES[0m
  [4;35;1mSQL (1.9ms)[0m   [0mSHOW FIELDS FROM `addresses`[0m
  [4;36;1mSQL (1.5ms)[0m   [0;1mdescribe `addresses`[0m
  [4;35;1mSQL (0.3ms)[0m   [0mSHOW KEYS FROM `addresses`[0m
  [4;36;1mSQL (1.2ms)[0m   [0;1mSHOW FIELDS FROM `artifact_bundles`[0m
  [4;35;1mSQL (1.5ms)[0m   [0mdescribe `artifact_bundles`[0m
  [4;36;1mSQL (0.4ms)[0m   [0;1mSHOW KEYS FROM `artifact_bundles`[0m
  [4;35;1mSQL (1.3ms)[0m   [0mSHOW FIELDS FROM `artifacts`[0m
  [4;36;1mSQL (1.5ms)[0m   [0;1mdescribe `artifacts`[0m
  [4;35;1mSQL (0.4ms)[0m   [0mSHOW KEYS FROM `artifacts`[0m
  [4;36;1mSQL (1.2ms)[0m   [0;1mSHOW FIELDS FROM `bschool_apps`[0m
  [4;35;1mSQL (1.3ms)[0m   [0mdescribe `bschool_apps`[0m
  [4;36;1mSQL (0.5ms)[0m   [0;1mSHOW KEYS FROM `bschool_apps`[0m
  [4;35;1mSQL (1.6ms)[0m   [0mSHOW FIELDS FROM `institutions`[0m
  [4;36;1mSQL (1.3ms)[0m   [0;1mdescribe `institutions`[0m
  [4;35;1mSQL (0.4ms)[0m   [0mSHOW KEYS FROM `institutions`[0m
  [4;36;1mSQL (1.4ms)[0m   [0;1mSHOW FIELDS FROM `people`[0m
  [4;35;1mSQL (1.5ms)[0m   [0mdescribe `people`[0m
  [4;36;1mSQL (0.4ms)[0m   [0;1mSHOW KEYS FROM `people`[0m
  [4;35;1mSQL (2.1ms)[0m   [0mSHOW FIELDS FROM `users`[0m
  [4;36;1mSQL (2.2ms)[0m   [0;1mdescribe `users`[0m
  [4;35;1mSQL (0.4ms)[0m   [0mSHOW KEYS FROM `users`[0m
  [4;36;1mSQL (0.2ms)[0m   [0;1mSET NAMES 'utf8'[0m
  [4;35;1mSQL (0.1ms)[0m   [0mSET SQL_AUTO_IS_NULL=0[0m


Processing ApplicationController#index (for 127.0.0.1 at 2009-10-23 15:04:42) [GET]

ActionController::RoutingError (No route matches "/person/new" with {:method=>:get}):
  

Rendering rescues/layout (not_found)
  [4;36;1mSQL (0.1ms)[0m   [0;1mSET NAMES 'utf8'[0m
  [4;35;1mSQL (0.1ms)[0m   [0mSET SQL_AUTO_IS_NULL=0[0m


Processing PeopleController#new (for 127.0.0.1 at 2009-10-23 15:04:57) [GET]
  [4;36;1mPerson Columns (1.7ms)[0m   [0;1mSHOW FIELDS FROM `people`[0m
Rendering template within layouts/people
Rendering people/new
Rendered people/_form (154.9ms)
Completed in 195ms (View: 189, DB: 2) | 200 OK [http://localhost/people/new]
  [4;35;1mSQL (0.1ms)[0m   [0mSET NAMES 'utf8'[0m
  [4;36;1mSQL (0.1ms)[0m   [0;1mSET SQL_AUTO_IS_NULL=0[0m


Processing PeopleController#create (for 127.0.0.1 at 2009-10-23 15:05:28) [POST]
  Parameters: {"commit"=>"Create", "authenticity_token"=>"aRwAwsj9witxiispD1mNZrblQXk4oW/yUMHnF3nQESs=", "person"=>{"abbreviation"=>"fredf", "dob(1i)"=>"2004", "dob(2i)"=>"10", "sex"=>"M", "dob(3i)"=>"23", "preferred_name"=>"Fred Flintstone", "full_name"=>"Fred Flintstone"}}
  [4;35;1mPerson Columns (12.0ms)[0m   [0mSHOW FIELDS FROM `people`[0m
  [4;36;1mSQL (0.1ms)[0m   [0;1mBEGIN[0m
  [4;35;1mPerson Create (0.2ms)[0m   [0mINSERT INTO `people` (`dob`, `updated_at`, `abbreviation`, `sex`, `full_name`, `preferred_name`, `created_at`) VALUES('2004-10-23', '2009-10-23 20:05:28', 'fredf', 'M', 'Fred Flintstone', 'Fred Flintstone', '2009-10-23 20:05:28')[0m
  [4;36;1mSQL (0.7ms)[0m   [0;1mCOMMIT[0m
Redirected to http://localhost:3000/people/1
Completed in 21ms (DB: 13) | 302 Found [http://localhost/people]
  [4;35;1mSQL (0.1ms)[0m   [0mSET NAMES 'utf8'[0m
  [4;36;1mSQL (0.1ms)[0m   [0;1mSET SQL_AUTO_IS_NULL=0[0m


Processing PeopleController#show (for 127.0.0.1 at 2009-10-23 15:05:28) [GET]
  Parameters: {"id"=>"1"}
  [4;35;1mPerson Columns (1.6ms)[0m   [0mSHOW FIELDS FROM `people`[0m
  [4;36;1mPerson Load (0.3ms)[0m   [0;1mSELECT * FROM `people` WHERE (`people`.`id` = 1) [0m
Rendering template within layouts/people
Rendering people/show
Completed in 16ms (View: 10, DB: 2) | 200 OK [http://localhost/people/1]
  [4;35;1mSQL (0.1ms)[0m   [0mSET NAMES 'utf8'[0m
  [4;36;1mSQL (0.1ms)[0m   [0;1mSET SQL_AUTO_IS_NULL=0[0m


Processing PeopleController#edit (for 127.0.0.1 at 2009-10-23 15:05:32) [GET]
  Parameters: {"id"=>"1"}
  [4;35;1mPerson Columns (1.6ms)[0m   [0mSHOW FIELDS FROM `people`[0m
  [4;36;1mPerson Load (0.2ms)[0m   [0;1mSELECT * FROM `people` WHERE (`people`.`id` = 1) [0m
Rendering template within layouts/people
Rendering people/edit
Rendered people/_form (7.7ms)
Completed in 24ms (View: 18, DB: 2) | 200 OK [http://localhost/people/1/edit]
  [4;35;1mSQL (0.1ms)[0m   [0mSET NAMES 'utf8'[0m
  [4;36;1mSQL (0.1ms)[0m   [0;1mSET SQL_AUTO_IS_NULL=0[0m


Processing AddressesController#new (for 127.0.0.1 at 2009-10-23 15:06:21) [GET]
  [4;35;1mAddress Columns (1.9ms)[0m   [0mSHOW FIELDS FROM `addresses`[0m
Rendering template within layouts/addresses
Rendering addresses/new
Rendered addresses/_form (6.0ms)
Completed in 36ms (View: 29, DB: 2) | 200 OK [http://localhost/addresses/new]
  [4;36;1mSQL (0.1ms)[0m   [0;1mSET NAMES 'utf8'[0m
  [4;35;1mSQL (0.1ms)[0m   [0mSET SQL_AUTO_IS_NULL=0[0m


Processing AddressesController#index (for 127.0.0.1 at 2009-10-23 15:09:23) [GET]
  [4;36;1mAddress Load (0.3ms)[0m   [0;1mSELECT * FROM `addresses` [0m
Rendering template within layouts/addresses
Rendering addresses/index
Completed in 14ms (View: 9, DB: 0) | 200 OK [http://localhost/addresses/]
  [4;36;1mSQL (0.1ms)[0m   [0;1mSET NAMES 'utf8'[0m
  [4;35;1mSQL (0.1ms)[0m   [0mSET SQL_AUTO_IS_NULL=0[0m
  [4;36;1mSQL (0.6ms)[0m   [0;1mSHOW TABLES[0m
  [4;35;1mSQL (0.2ms)[0m   [0mSELECT version FROM schema_migrations[0m
Migrating to CreateUsers (20091022225523)
Migrating to CreateInstitutions (20091022231614)
Migrating to CreateAddresses (20091022232653)
Migrating to CreateBschoolApps (20091022233418)
Migrating to CreateArtifactBundles (20091022233552)
Migrating to CreateArtifacts (20091022233808)
Migrating to RenameFullName (20091023193426)
Migrating to RefactorUserPerson (20091023195758)
Migrating to CreatePeople (20091023200414)
Migrating to RenameBsidInBsapp (20091023201228)
  [4;36;1mSQL (1.4ms)[0m   [0;1mSHOW FIELDS FROM `bschool_apps`[0m
  [4;35;1mSQL (21.5ms)[0m   [0mSHOW COLUMNS FROM `bschool_apps` LIKE 'bschool_institution_id'[0m
  [4;36;1mSQL (74.1ms)[0m   [0;1mALTER TABLE `bschool_apps` CHANGE `bschool_institution_id` `institution_id` int(11) DEFAULT NULL[0m
  [4;35;1mSQL (0.4ms)[0m   [0mINSERT INTO schema_migrations (version) VALUES ('20091023201228')[0m
  [4;36;1mSQL (0.6ms)[0m   [0;1mSHOW TABLES[0m
  [4;35;1mSQL (0.1ms)[0m   [0mSELECT version FROM schema_migrations[0m
  [4;36;1mSQL (0.4ms)[0m   [0;1mSHOW TABLES[0m
  [4;35;1mSQL (2.3ms)[0m   [0mSHOW FIELDS FROM `addresses`[0m
  [4;36;1mSQL (1.6ms)[0m   [0;1mdescribe `addresses`[0m
  [4;35;1mSQL (0.3ms)[0m   [0mSHOW KEYS FROM `addresses`[0m
  [4;36;1mSQL (1.2ms)[0m   [0;1mSHOW FIELDS FROM `artifact_bundles`[0m
  [4;35;1mSQL (1.5ms)[0m   [0mdescribe `artifact_bundles`[0m
  [4;36;1mSQL (0.3ms)[0m   [0;1mSHOW KEYS FROM `artifact_bundles`[0m
  [4;35;1mSQL (1.2ms)[0m   [0mSHOW FIELDS FROM `artifacts`[0m
  [4;36;1mSQL (1.3ms)[0m   [0;1mdescribe `artifacts`[0m
  [4;35;1mSQL (0.5ms)[0m   [0mSHOW KEYS FROM `artifacts`[0m
  [4;36;1mSQL (1.4ms)[0m   [0;1mSHOW FIELDS FROM `bschool_apps`[0m
  [4;35;1mSQL (1.4ms)[0m   [0mdescribe `bschool_apps`[0m
  [4;36;1mSQL (0.4ms)[0m   [0;1mSHOW KEYS FROM `bschool_apps`[0m
  [4;35;1mSQL (1.7ms)[0m   [0mSHOW FIELDS FROM `institutions`[0m
  [4;36;1mSQL (1.4ms)[0m   [0;1mdescribe `institutions`[0m
  [4;35;1mSQL (0.4ms)[0m   [0mSHOW KEYS FROM `institutions`[0m
  [4;36;1mSQL (1.2ms)[0m   [0;1mSHOW FIELDS FROM `people`[0m
  [4;35;1mSQL (1.7ms)[0m   [0mdescribe `people`[0m
  [4;36;1mSQL (0.4ms)[0m   [0;1mSHOW KEYS FROM `people`[0m
  [4;35;1mSQL (1.6ms)[0m   [0mSHOW FIELDS FROM `users`[0m
  [4;36;1mSQL (1.8ms)[0m   [0;1mdescribe `users`[0m
  [4;35;1mSQL (0.3ms)[0m   [0mSHOW KEYS FROM `users`[0m
  [4;36;1mSQL (0.1ms)[0m   [0;1mSET NAMES 'utf8'[0m
  [4;35;1mSQL (0.1ms)[0m   [0mSET SQL_AUTO_IS_NULL=0[0m
  [4;36;1mSQL (23.0ms)[0m   [0;1mSHOW TABLES[0m
  [4;35;1mSQL (0.2ms)[0m   [0mSELECT version FROM schema_migrations[0m
Migrating to CreateUsers (20091022225523)
Migrating to CreateInstitutions (20091022231614)
Migrating to CreateAddresses (20091022232653)
Migrating to CreateBschoolApps (20091022233418)
Migrating to CreateArtifactBundles (20091022233552)
Migrating to CreateArtifacts (20091022233808)
Migrating to RenameFullName (20091023193426)
Migrating to RefactorUserPerson (20091023195758)
Migrating to CreatePeople (20091023200414)
Migrating to RenameBsidInBsapp (20091023201228)
Migrating to CreateRounds (20091023205017)
  [4;36;1mSQL (52.3ms)[0m   [0;1mCREATE TABLE `rounds` (`id` int(11) DEFAULT NULL auto_increment PRIMARY KEY, `bschool_app_id` int(11), `round_number` int(11), `deadline` datetime, `created_at` datetime, `updated_at` datetime) ENGINE=InnoDB[0m
  [4;35;1mSQL (0.5ms)[0m   [0mINSERT INTO schema_migrations (version) VALUES ('20091023205017')[0m
  [4;36;1mSQL (0.6ms)[0m   [0;1mSHOW TABLES[0m
  [4;35;1mSQL (0.1ms)[0m   [0mSELECT version FROM schema_migrations[0m
  [4;36;1mSQL (0.4ms)[0m   [0;1mSHOW TABLES[0m
  [4;35;1mSQL (1.6ms)[0m   [0mSHOW FIELDS FROM `addresses`[0m
  [4;36;1mSQL (1.9ms)[0m   [0;1mdescribe `addresses`[0m
  [4;35;1mSQL (0.4ms)[0m   [0mSHOW KEYS FROM `addresses`[0m
  [4;36;1mSQL (1.3ms)[0m   [0;1mSHOW FIELDS FROM `artifact_bundles`[0m
  [4;35;1mSQL (1.4ms)[0m   [0mdescribe `artifact_bundles`[0m
  [4;36;1mSQL (0.4ms)[0m   [0;1mSHOW KEYS FROM `artifact_bundles`[0m
  [4;35;1mSQL (1.4ms)[0m   [0mSHOW FIELDS FROM `artifacts`[0m
  [4;36;1mSQL (1.4ms)[0m   [0;1mdescribe `artifacts`[0m
  [4;35;1mSQL (0.2ms)[0m   [0mSHOW KEYS FROM `artifacts`[0m
  [4;36;1mSQL (1.3ms)[0m   [0;1mSHOW FIELDS FROM `bschool_apps`[0m
  [4;35;1mSQL (1.6ms)[0m   [0mdescribe `bschool_apps`[0m
  [4;36;1mSQL (0.4ms)[0m   [0;1mSHOW KEYS FROM `bschool_apps`[0m
  [4;35;1mSQL (1.1ms)[0m   [0mSHOW FIELDS FROM `institutions`[0m
  [4;36;1mSQL (1.5ms)[0m   [0;1mdescribe `institutions`[0m
  [4;35;1mSQL (1.1ms)[0m   [0mSHOW KEYS FROM `institutions`[0m
  [4;36;1mSQL (1.2ms)[0m   [0;1mSHOW FIELDS FROM `people`[0m
  [4;35;1mSQL (1.6ms)[0m   [0mdescribe `people`[0m
  [4;36;1mSQL (0.4ms)[0m   [0;1mSHOW KEYS FROM `people`[0m
  [4;35;1mSQL (1.3ms)[0m   [0mSHOW FIELDS FROM `rounds`[0m
  [4;36;1mSQL (1.4ms)[0m   [0;1mdescribe `rounds`[0m
  [4;35;1mSQL (0.2ms)[0m   [0mSHOW KEYS FROM `rounds`[0m
  [4;36;1mSQL (1.7ms)[0m   [0;1mSHOW FIELDS FROM `users`[0m
  [4;35;1mSQL (1.8ms)[0m   [0mdescribe `users`[0m
  [4;36;1mSQL (0.3ms)[0m   [0;1mSHOW KEYS FROM `users`[0m
  [4;36;1mSQL (0.2ms)[0m   [0;1mSET NAMES 'utf8'[0m
  [4;35;1mSQL (0.1ms)[0m   [0mSET SQL_AUTO_IS_NULL=0[0m
  [4;36;1mSQL (0.6ms)[0m   [0;1mSHOW TABLES[0m
  [4;35;1mSQL (0.2ms)[0m   [0mSELECT version FROM schema_migrations[0m
Migrating to CreateUsers (20091022225523)
Migrating to CreateInstitutions (20091022231614)
Migrating to CreateAddresses (20091022232653)
Migrating to CreateBschoolApps (20091022233418)
Migrating to CreateArtifactBundles (20091022233552)
Migrating to CreateArtifacts (20091022233808)
Migrating to RenameFullName (20091023193426)
Migrating to RefactorUserPerson (20091023195758)
Migrating to CreatePeople (20091023200414)
Migrating to RenameBsidInBsapp (20091023201228)
Migrating to CreateRounds (20091023205017)
Migrating to AddArtifactSequence (20091023205357)
  [4;36;1mSQL (69.8ms)[0m   [0;1mALTER TABLE `artifacts` ADD `sequence` int(11)[0m
  [4;35;1mSQL (103.1ms)[0m   [0mALTER TABLE `artifacts` ADD `subsequence` varchar(255)[0m
  [4;36;1mSQL (0.9ms)[0m   [0;1mINSERT INTO schema_migrations (version) VALUES ('20091023205357')[0m
  [4;35;1mSQL (0.8ms)[0m   [0mSHOW TABLES[0m
  [4;36;1mSQL (0.2ms)[0m   [0;1mSELECT version FROM schema_migrations[0m
  [4;35;1mSQL (0.5ms)[0m   [0mSHOW TABLES[0m
  [4;36;1mSQL (1.7ms)[0m   [0;1mSHOW FIELDS FROM `addresses`[0m
  [4;35;1mSQL (1.9ms)[0m   [0mdescribe `addresses`[0m
  [4;36;1mSQL (0.3ms)[0m   [0;1mSHOW KEYS FROM `addresses`[0m
  [4;35;1mSQL (1.2ms)[0m   [0mSHOW FIELDS FROM `artifact_bundles`[0m
  [4;36;1mSQL (1.7ms)[0m   [0;1mdescribe `artifact_bundles`[0m
  [4;35;1mSQL (0.3ms)[0m   [0mSHOW KEYS FROM `artifact_bundles`[0m
  [4;36;1mSQL (1.6ms)[0m   [0;1mSHOW FIELDS FROM `artifacts`[0m
  [4;35;1mSQL (2.1ms)[0m   [0mdescribe `artifacts`[0m
  [4;36;1mSQL (0.5ms)[0m   [0;1mSHOW KEYS FROM `artifacts`[0m
  [4;35;1mSQL (1.2ms)[0m   [0mSHOW FIELDS FROM `bschool_apps`[0m
  [4;36;1mSQL (1.5ms)[0m   [0;1mdescribe `bschool_apps`[0m
  [4;35;1mSQL (0.4ms)[0m   [0mSHOW KEYS FROM `bschool_apps`[0m
  [4;36;1mSQL (1.3ms)[0m   [0;1mSHOW FIELDS FROM `institutions`[0m
  [4;35;1mSQL (1.4ms)[0m   [0mdescribe `institutions`[0m
  [4;36;1mSQL (0.9ms)[0m   [0;1mSHOW KEYS FROM `institutions`[0m
  [4;35;1mSQL (1.2ms)[0m   [0mSHOW FIELDS FROM `people`[0m
  [4;36;1mSQL (1.4ms)[0m   [0;1mdescribe `people`[0m
  [4;35;1mSQL (0.4ms)[0m   [0mSHOW KEYS FROM `people`[0m
  [4;36;1mSQL (1.4ms)[0m   [0;1mSHOW FIELDS FROM `rounds`[0m
  [4;35;1mSQL (1.5ms)[0m   [0mdescribe `rounds`[0m
  [4;36;1mSQL (0.6ms)[0m   [0;1mSHOW KEYS FROM `rounds`[0m
  [4;35;1mSQL (2.2ms)[0m   [0mSHOW FIELDS FROM `users`[0m
  [4;36;1mSQL (1.6ms)[0m   [0;1mdescribe `users`[0m
  [4;35;1mSQL (0.2ms)[0m   [0mSHOW KEYS FROM `users`[0m
  [4;36;1mSQL (0.2ms)[0m   [0;1mSET NAMES 'utf8'[0m
  [4;35;1mSQL (0.1ms)[0m   [0mSET SQL_AUTO_IS_NULL=0[0m
  [4;36;1mSQL (1.0ms)[0m   [0;1mSHOW TABLES[0m
  [4;35;1mSQL (0.4ms)[0m   [0mSELECT version FROM schema_migrations[0m
Migrating to CreateUsers (20091022225523)
Migrating to CreateInstitutions (20091022231614)
Migrating to CreateAddresses (20091022232653)
Migrating to CreateBschoolApps (20091022233418)
Migrating to CreateArtifactBundles (20091022233552)
Migrating to CreateArtifacts (20091022233808)
Migrating to RenameFullName (20091023193426)
Migrating to RefactorUserPerson (20091023195758)
Migrating to CreatePeople (20091023200414)
Migrating to RenameBsidInBsapp (20091023201228)
Migrating to CreateRounds (20091023205017)
Migrating to AddArtifactSequence (20091023205357)
Migrating to CreateInstitutionPeople (20091023210422)
  [4;36;1mSQL (159.9ms)[0m   [0;1mCREATE TABLE `institution_people` (`id` int(11) DEFAULT NULL auto_increment PRIMARY KEY, `institution_id` int(11), `person_id` int(11), `institution_person_type` varchar(255), `created_at` datetime, `updated_at` datetime) ENGINE=InnoDB[0m
  [4;35;1mSQL (0.4ms)[0m   [0mINSERT INTO schema_migrations (version) VALUES ('20091023210422')[0m
  [4;36;1mSQL (0.6ms)[0m   [0;1mSHOW TABLES[0m
  [4;35;1mSQL (0.1ms)[0m   [0mSELECT version FROM schema_migrations[0m
  [4;36;1mSQL (0.4ms)[0m   [0;1mSHOW TABLES[0m
  [4;35;1mSQL (1.7ms)[0m   [0mSHOW FIELDS FROM `addresses`[0m
  [4;36;1mSQL (2.2ms)[0m   [0;1mdescribe `addresses`[0m
  [4;35;1mSQL (0.2ms)[0m   [0mSHOW KEYS FROM `addresses`[0m
  [4;36;1mSQL (1.2ms)[0m   [0;1mSHOW FIELDS FROM `artifact_bundles`[0m
  [4;35;1mSQL (1.4ms)[0m   [0mdescribe `artifact_bundles`[0m
  [4;36;1mSQL (0.3ms)[0m   [0;1mSHOW KEYS FROM `artifact_bundles`[0m
  [4;35;1mSQL (1.4ms)[0m   [0mSHOW FIELDS FROM `artifacts`[0m
  [4;36;1mSQL (1.5ms)[0m   [0;1mdescribe `artifacts`[0m
  [4;35;1mSQL (0.4ms)[0m   [0mSHOW KEYS FROM `artifacts`[0m
  [4;36;1mSQL (1.8ms)[0m   [0;1mSHOW FIELDS FROM `bschool_apps`[0m
  [4;35;1mSQL (1.4ms)[0m   [0mdescribe `bschool_apps`[0m
  [4;36;1mSQL (0.4ms)[0m   [0;1mSHOW KEYS FROM `bschool_apps`[0m
  [4;35;1mSQL (1.3ms)[0m   [0mSHOW FIELDS FROM `institution_people`[0m
  [4;36;1mSQL (1.8ms)[0m   [0;1mdescribe `institution_people`[0m
  [4;35;1mSQL (0.4ms)[0m   [0mSHOW KEYS FROM `institution_people`[0m
  [4;36;1mSQL (1.6ms)[0m   [0;1mSHOW FIELDS FROM `institutions`[0m
  [4;35;1mSQL (1.4ms)[0m   [0mdescribe `institutions`[0m
  [4;36;1mSQL (0.3ms)[0m   [0;1mSHOW KEYS FROM `institutions`[0m
  [4;35;1mSQL (1.3ms)[0m   [0mSHOW FIELDS FROM `people`[0m
  [4;36;1mSQL (1.7ms)[0m   [0;1mdescribe `people`[0m
  [4;35;1mSQL (0.6ms)[0m   [0mSHOW KEYS FROM `people`[0m
  [4;36;1mSQL (1.3ms)[0m   [0;1mSHOW FIELDS FROM `rounds`[0m
  [4;35;1mSQL (1.5ms)[0m   [0mdescribe `rounds`[0m
  [4;36;1mSQL (0.4ms)[0m   [0;1mSHOW KEYS FROM `rounds`[0m
  [4;35;1mSQL (1.4ms)[0m   [0mSHOW FIELDS FROM `users`[0m
  [4;36;1mSQL (2.0ms)[0m   [0;1mdescribe `users`[0m
  [4;35;1mSQL (0.2ms)[0m   [0mSHOW KEYS FROM `users`[0m
  [4;36;1mSQL (0.1ms)[0m   [0;1mSET NAMES 'utf8'[0m
  [4;35;1mSQL (0.1ms)[0m   [0mSET SQL_AUTO_IS_NULL=0[0m
  [4;36;1mSQL (0.7ms)[0m   [0;1mSHOW TABLES[0m
  [4;35;1mSQL (0.2ms)[0m   [0mSELECT version FROM schema_migrations[0m
Migrating to CreateUsers (20091022225523)
Migrating to CreateInstitutions (20091022231614)
Migrating to CreateAddresses (20091022232653)
Migrating to CreateBschoolApps (20091022233418)
Migrating to CreateArtifactBundles (20091022233552)
Migrating to CreateArtifacts (20091022233808)
Migrating to RenameFullName (20091023193426)
Migrating to RefactorUserPerson (20091023195758)
Migrating to CreatePeople (20091023200414)
Migrating to RenameBsidInBsapp (20091023201228)
Migrating to CreateRounds (20091023205017)
Migrating to AddArtifactSequence (20091023205357)
Migrating to CreateInstitutionPeople (20091023210422)
Migrating to AddFieldsToInstitutionPerson (20091023210723)
  [4;36;1mSQL (45.3ms)[0m   [0;1mALTER TABLE `institution_people` ADD `title` varchar(255)[0m
  [4;35;1mSQL (99.5ms)[0m   [0mALTER TABLE `institution_people` ADD `degree` varchar(255)[0m
  [4;36;1mSQL (105.7ms)[0m   [0;1mALTER TABLE `institution_people` ADD `start_date` date[0m
  [4;35;1mSQL (100.2ms)[0m   [0mALTER TABLE `institution_people` ADD `end_date` date[0m
  [4;36;1mSQL (0.4ms)[0m   [0;1mINSERT INTO schema_migrations (version) VALUES ('20091023210723')[0m
  [4;35;1mSQL (0.7ms)[0m   [0mSHOW TABLES[0m
  [4;36;1mSQL (0.2ms)[0m   [0;1mSELECT version FROM schema_migrations[0m
  [4;35;1mSQL (0.5ms)[0m   [0mSHOW TABLES[0m
  [4;36;1mSQL (1.6ms)[0m   [0;1mSHOW FIELDS FROM `addresses`[0m
  [4;35;1mSQL (2.3ms)[0m   [0mdescribe `addresses`[0m
  [4;36;1mSQL (0.4ms)[0m   [0;1mSHOW KEYS FROM `addresses`[0m
  [4;35;1mSQL (1.1ms)[0m   [0mSHOW FIELDS FROM `artifact_bundles`[0m
  [4;36;1mSQL (1.4ms)[0m   [0;1mdescribe `artifact_bundles`[0m
  [4;35;1mSQL (0.4ms)[0m   [0mSHOW KEYS FROM `artifact_bundles`[0m
  [4;36;1mSQL (1.3ms)[0m   [0;1mSHOW FIELDS FROM `artifacts`[0m
  [4;35;1mSQL (1.5ms)[0m   [0mdescribe `artifacts`[0m
  [4;36;1mSQL (0.4ms)[0m   [0;1mSHOW KEYS FROM `artifacts`[0m
  [4;35;1mSQL (1.2ms)[0m   [0mSHOW FIELDS FROM `bschool_apps`[0m
  [4;36;1mSQL (1.5ms)[0m   [0;1mdescribe `bschool_apps`[0m
  [4;35;1mSQL (0.4ms)[0m   [0mSHOW KEYS FROM `bschool_apps`[0m
  [4;36;1mSQL (1.5ms)[0m   [0;1mSHOW FIELDS FROM `institution_people`[0m
  [4;35;1mSQL (1.7ms)[0m   [0mdescribe `institution_people`[0m
  [4;36;1mSQL (0.4ms)[0m   [0;1mSHOW KEYS FROM `institution_people`[0m
  [4;35;1mSQL (1.2ms)[0m   [0mSHOW FIELDS FROM `institutions`[0m
  [4;36;1mSQL (1.5ms)[0m   [0;1mdescribe `institutions`[0m
  [4;35;1mSQL (0.4ms)[0m   [0mSHOW KEYS FROM `institutions`[0m
  [4;36;1mSQL (1.3ms)[0m   [0;1mSHOW FIELDS FROM `people`[0m
  [4;35;1mSQL (2.1ms)[0m   [0mdescribe `people`[0m
  [4;36;1mSQL (0.4ms)[0m   [0;1mSHOW KEYS FROM `people`[0m
  [4;35;1mSQL (1.4ms)[0m   [0mSHOW FIELDS FROM `rounds`[0m
  [4;36;1mSQL (1.3ms)[0m   [0;1mdescribe `rounds`[0m
  [4;35;1mSQL (0.3ms)[0m   [0mSHOW KEYS FROM `rounds`[0m
  [4;36;1mSQL (1.5ms)[0m   [0;1mSHOW FIELDS FROM `users`[0m
  [4;35;1mSQL (2.2ms)[0m   [0mdescribe `users`[0m
  [4;36;1mSQL (0.3ms)[0m   [0;1mSHOW KEYS FROM `users`[0m
  [4;36;1mSQL (0.2ms)[0m   [0;1mSET NAMES 'utf8'[0m
  [4;35;1mSQL (0.1ms)[0m   [0mSET SQL_AUTO_IS_NULL=0[0m
  [4;36;1mSQL (0.7ms)[0m   [0;1mSHOW TABLES[0m
  [4;35;1mSQL (0.2ms)[0m   [0mSELECT version FROM schema_migrations[0m
Migrating to CreateUsers (20091022225523)
Migrating to CreateInstitutions (20091022231614)
Migrating to CreateAddresses (20091022232653)
Migrating to CreateBschoolApps (20091022233418)
Migrating to CreateArtifactBundles (20091022233552)
Migrating to CreateArtifacts (20091022233808)
Migrating to RenameFullName (20091023193426)
Migrating to RefactorUserPerson (20091023195758)
Migrating to CreatePeople (20091023200414)
Migrating to RenameBsidInBsapp (20091023201228)
Migrating to CreateRounds (20091023205017)
Migrating to AddArtifactSequence (20091023205357)
Migrating to CreateInstitutionPeople (20091023210422)
Migrating to AddFieldsToInstitutionPerson (20091023210723)
Migrating to AddPidToUser (20091023212248)
  [4;36;1mSQL (0.0ms)[0m   [0;1mMysql::Error: Duplicate column name 'person_id': ALTER TABLE `users` ADD `person_id` int(11)[0m
  [4;36;1mSQL (0.2ms)[0m   [0;1mSET NAMES 'utf8'[0m
  [4;35;1mSQL (0.1ms)[0m   [0mSET SQL_AUTO_IS_NULL=0[0m
  [4;36;1mSQL (0.4ms)[0m   [0;1mSHOW TABLES[0m
  [4;35;1mSQL (195.9ms)[0m   [0mCREATE TABLE `schema_migrations` (`version` varchar(255) NOT NULL) ENGINE=InnoDB[0m
  [4;36;1mSQL (127.3ms)[0m   [0;1mCREATE UNIQUE INDEX `unique_schema_migrations` ON `schema_migrations` (`version`)[0m
  [4;35;1mSQL (0.5ms)[0m   [0mSHOW TABLES[0m
  [4;36;1mSQL (0.4ms)[0m   [0;1mSELECT version FROM schema_migrations[0m
Migrating to CreateUsers (20091022225523)
  [4;35;1mSQL (0.5ms)[0m   [0mSHOW TABLES[0m
  [4;36;1mSQL (87.1ms)[0m   [0;1mCREATE TABLE `users` (`id` int(11) DEFAULT NULL auto_increment PRIMARY KEY, `login` varchar(40), `full_name` varchar(100) DEFAULT '', `short_name` varchar(100) DEFAULT '', `preferred_name` varchar(100) DEFAULT '', `email` varchar(100), `crypted_password` varchar(40), `salt` varchar(40), `created_at` datetime, `updated_at` datetime, `remember_token` varchar(40), `remember_token_expires_at` datetime, `activation_code` varchar(40), `activated_at` datetime, `state` varchar(255) DEFAULT 'passive', `user_type` varchar(255), `deleted_at` datetime) ENGINE=InnoDB[0m
  [4;35;1mSQL (189.3ms)[0m   [0mCREATE UNIQUE INDEX `index_users_on_login` ON `users` (`login`)[0m
  [4;36;1mSQL (1.3ms)[0m   [0;1mINSERT INTO schema_migrations (version) VALUES ('20091022225523')[0m
Migrating to CreateInstitutions (20091022231614)
  [4;35;1mSQL (62.1ms)[0m   [0mCREATE TABLE `institutions` (`id` int(11) DEFAULT NULL auto_increment PRIMARY KEY, `full_name` varchar(255), `short_name` varchar(255), `abbreviation` varchar(255), `institution_type` varchar(255), `created_at` datetime, `updated_at` datetime) ENGINE=InnoDB[0m
  [4;36;1mSQL (0.9ms)[0m   [0;1mINSERT INTO schema_migrations (version) VALUES ('20091022231614')[0m
Migrating to CreateAddresses (20091022232653)
  [4;35;1mSQL (145.8ms)[0m   [0mCREATE TABLE `addresses` (`id` int(11) DEFAULT NULL auto_increment PRIMARY KEY, `institution_id` int(11), `user_id` int(11), `address1` varchar(255), `address2` varchar(255), `address3` varchar(255), `city` varchar(255), `state` varchar(255), `postal_code` varchar(255), `country` varchar(255), `type` varchar(255), `created_at` datetime, `updated_at` datetime) ENGINE=InnoDB[0m
  [4;36;1mSQL (1.0ms)[0m   [0;1mINSERT INTO schema_migrations (version) VALUES ('20091022232653')[0m
Migrating to CreateBschoolApps (20091022233418)
  [4;35;1mSQL (110.7ms)[0m   [0mCREATE TABLE `bschool_apps` (`id` int(11) DEFAULT NULL auto_increment PRIMARY KEY, `bschool_institution_id` int(11), `year` int(11), `created_at` datetime, `updated_at` datetime) ENGINE=InnoDB[0m
  [4;36;1mSQL (0.9ms)[0m   [0;1mINSERT INTO schema_migrations (version) VALUES ('20091022233418')[0m
Migrating to CreateArtifactBundles (20091022233552)
  [4;35;1mSQL (156.8ms)[0m   [0mCREATE TABLE `artifact_bundles` (`id` int(11) DEFAULT NULL auto_increment PRIMARY KEY, `bschool_app_id` int(11), `required` int(11), `total` int(11), `created_at` datetime, `updated_at` datetime) ENGINE=InnoDB[0m
  [4;36;1mSQL (1.1ms)[0m   [0;1mINSERT INTO schema_migrations (version) VALUES ('20091022233552')[0m
Migrating to CreateArtifacts (20091022233808)
  [4;35;1mSQL (121.3ms)[0m   [0mCREATE TABLE `artifacts` (`id` int(11) DEFAULT NULL auto_increment PRIMARY KEY, `artifact_bundle_id` int(11), `prompt` text, `max_length` int(11), `artifact_type` varchar(255), `created_at` datetime, `updated_at` datetime) ENGINE=InnoDB[0m
  [4;36;1mSQL (27.8ms)[0m   [0;1mINSERT INTO schema_migrations (version) VALUES ('20091022233808')[0m
Migrating to RenameFullName (20091023193426)
  [4;35;1mSQL (5.1ms)[0m   [0mSHOW FIELDS FROM `users`[0m
  [4;36;1mSQL (2.4ms)[0m   [0;1mSHOW COLUMNS FROM `users` LIKE 'full_name'[0m
  [4;35;1mSQL (151.3ms)[0m   [0mALTER TABLE `users` CHANGE `full_name` `name` varchar(100) DEFAULT ''[0m
  [4;36;1mSQL (0.9ms)[0m   [0;1mINSERT INTO schema_migrations (version) VALUES ('20091023193426')[0m
Migrating to RefactorUserPerson (20091023195758)
  [4;35;1mSQL (191.4ms)[0m   [0mALTER TABLE `users` DROP `short_name`[0m
  [4;36;1mSQL (145.1ms)[0m   [0;1mALTER TABLE `users` DROP `preferred_name`[0m
  [4;35;1mSQL (143.6ms)[0m   [0mALTER TABLE `users` ADD `person_id` int(11)[0m
  [4;36;1mSQL (0.8ms)[0m   [0;1mINSERT INTO schema_migrations (version) VALUES ('20091023195758')[0m
Migrating to CreatePeople (20091023200414)
  [4;35;1mSQL (73.4ms)[0m   [0mCREATE TABLE `people` (`id` int(11) DEFAULT NULL auto_increment PRIMARY KEY, `full_name` varchar(255), `preferred_name` varchar(255), `abbreviation` varchar(255), `dob` date, `sex` varchar(255), `created_at` datetime, `updated_at` datetime) ENGINE=InnoDB[0m
  [4;36;1mSQL (0.9ms)[0m   [0;1mINSERT INTO schema_migrations (version) VALUES ('20091023200414')[0m
Migrating to RenameBsidInBsapp (20091023201228)
  [4;35;1mSQL (2.0ms)[0m   [0mSHOW FIELDS FROM `bschool_apps`[0m
  [4;36;1mSQL (2.8ms)[0m   [0;1mSHOW COLUMNS FROM `bschool_apps` LIKE 'bschool_institution_id'[0m
  [4;35;1mSQL (86.7ms)[0m   [0mALTER TABLE `bschool_apps` CHANGE `bschool_institution_id` `institution_id` int(11) DEFAULT NULL[0m
  [4;36;1mSQL (0.9ms)[0m   [0;1mINSERT INTO schema_migrations (version) VALUES ('20091023201228')[0m
Migrating to CreateRounds (20091023205017)
  [4;35;1mSQL (235.4ms)[0m   [0mCREATE TABLE `rounds` (`id` int(11) DEFAULT NULL auto_increment PRIMARY KEY, `bschool_app_id` int(11), `round_number` int(11), `deadline` datetime, `created_at` datetime, `updated_at` datetime) ENGINE=InnoDB[0m
  [4;36;1mSQL (0.9ms)[0m   [0;1mINSERT INTO schema_migrations (version) VALUES ('20091023205017')[0m
Migrating to AddArtifactSequence (20091023205357)
  [4;35;1mSQL (132.8ms)[0m   [0mALTER TABLE `artifacts` ADD `sequence` int(11)[0m
  [4;36;1mSQL (132.6ms)[0m   [0;1mALTER TABLE `artifacts` ADD `subsequence` varchar(255)[0m
  [4;35;1mSQL (0.9ms)[0m   [0mINSERT INTO schema_migrations (version) VALUES ('20091023205357')[0m
Migrating to CreateInstitutionPeople (20091023210422)
  [4;36;1mSQL (93.5ms)[0m   [0;1mCREATE TABLE `institution_people` (`id` int(11) DEFAULT NULL auto_increment PRIMARY KEY, `institution_id` int(11), `person_id` int(11), `institution_person_type` varchar(255), `created_at` datetime, `updated_at` datetime) ENGINE=InnoDB[0m
  [4;35;1mSQL (1.0ms)[0m   [0mINSERT INTO schema_migrations (version) VALUES ('20091023210422')[0m
Migrating to AddFieldsToInstitutionPerson (20091023210723)
  [4;36;1mSQL (149.2ms)[0m   [0;1mALTER TABLE `institution_people` ADD `title` varchar(255)[0m
  [4;35;1mSQL (143.8ms)[0m   [0mALTER TABLE `institution_people` ADD `degree` varchar(255)[0m
  [4;36;1mSQL (145.2ms)[0m   [0;1mALTER TABLE `institution_people` ADD `start_date` date[0m
  [4;35;1mSQL (144.8ms)[0m   [0mALTER TABLE `institution_people` ADD `end_date` date[0m
  [4;36;1mSQL (0.8ms)[0m   [0;1mINSERT INTO schema_migrations (version) VALUES ('20091023210723')[0m
  [4;35;1mSQL (1.0ms)[0m   [0mSHOW TABLES[0m
  [4;36;1mSQL (0.3ms)[0m   [0;1mSELECT version FROM schema_migrations[0m
  [4;35;1mSQL (0.7ms)[0m   [0mSHOW TABLES[0m
  [4;36;1mSQL (2.4ms)[0m   [0;1mSHOW FIELDS FROM `addresses`[0m
  [4;35;1mSQL (2.7ms)[0m   [0mdescribe `addresses`[0m
  [4;36;1mSQL (1.8ms)[0m   [0;1mSHOW KEYS FROM `addresses`[0m
  [4;35;1mSQL (2.0ms)[0m   [0mSHOW FIELDS FROM `artifact_bundles`[0m
  [4;36;1mSQL (2.5ms)[0m   [0;1mdescribe `artifact_bundles`[0m
  [4;35;1mSQL (1.0ms)[0m   [0mSHOW KEYS FROM `artifact_bundles`[0m
  [4;36;1mSQL (2.0ms)[0m   [0;1mSHOW FIELDS FROM `artifacts`[0m
  [4;35;1mSQL (2.7ms)[0m   [0mdescribe `artifacts`[0m
  [4;36;1mSQL (1.0ms)[0m   [0;1mSHOW KEYS FROM `artifacts`[0m
  [4;35;1mSQL (1.7ms)[0m   [0mSHOW FIELDS FROM `bschool_apps`[0m
  [4;36;1mSQL (2.3ms)[0m   [0;1mdescribe `bschool_apps`[0m
  [4;35;1mSQL (0.9ms)[0m   [0mSHOW KEYS FROM `bschool_apps`[0m
  [4;36;1mSQL (2.2ms)[0m   [0;1mSHOW FIELDS FROM `institution_people`[0m
  [4;35;1mSQL (2.6ms)[0m   [0mdescribe `institution_people`[0m
  [4;36;1mSQL (1.0ms)[0m   [0;1mSHOW KEYS FROM `institution_people`[0m
  [4;35;1mSQL (1.8ms)[0m   [0mSHOW FIELDS FROM `institutions`[0m
  [4;36;1mSQL (2.8ms)[0m   [0;1mdescribe `institutions`[0m
  [4;35;1mSQL (1.0ms)[0m   [0mSHOW KEYS FROM `institutions`[0m
  [4;36;1mSQL (1.9ms)[0m   [0;1mSHOW FIELDS FROM `people`[0m
  [4;35;1mSQL (2.5ms)[0m   [0mdescribe `people`[0m
  [4;36;1mSQL (1.0ms)[0m   [0;1mSHOW KEYS FROM `people`[0m
  [4;35;1mSQL (1.7ms)[0m   [0mSHOW FIELDS FROM `rounds`[0m
  [4;36;1mSQL (2.4ms)[0m   [0;1mdescribe `rounds`[0m
  [4;35;1mSQL (1.0ms)[0m   [0mSHOW KEYS FROM `rounds`[0m
  [4;36;1mSQL (2.3ms)[0m   [0;1mSHOW FIELDS FROM `users`[0m
  [4;35;1mSQL (2.9ms)[0m   [0mdescribe `users`[0m
  [4;36;1mSQL (0.8ms)[0m   [0;1mSHOW KEYS FROM `users`[0m
  [4;36;1mSQL (0.2ms)[0m   [0;1mSET NAMES 'utf8'[0m
  [4;35;1mSQL (0.1ms)[0m   [0mSET SQL_AUTO_IS_NULL=0[0m
  [4;36;1mSQL (0.7ms)[0m   [0;1mSHOW TABLES[0m
  [4;35;1mSQL (0.2ms)[0m   [0mSELECT version FROM schema_migrations[0m
Migrating to CreateUsers (20091022225523)
Migrating to CreateInstitutions (20091022231614)
Migrating to CreateAddresses (20091022232653)
Migrating to CreateBschoolApps (20091022233418)
Migrating to CreateArtifactBundles (20091022233552)
Migrating to CreateArtifacts (20091022233808)
Migrating to RenameFullName (20091023193426)
Migrating to RefactorUserPerson (20091023195758)
Migrating to CreatePeople (20091023200414)
Migrating to RenameBsidInBsapp (20091023201228)
Migrating to CreateRounds (20091023205017)
Migrating to AddArtifactSequence (20091023205357)
Migrating to CreateInstitutionPeople (20091023210422)
Migrating to AddFieldsToInstitutionPerson (20091023210723)
Migrating to RemoveUserInstFmAddress (20091024210846)
  [4;36;1mSQL (212.5ms)[0m   [0;1mALTER TABLE `addresses` DROP `user_id`[0m
  [4;35;1mSQL (145.2ms)[0m   [0mALTER TABLE `addresses` DROP `institution_id`[0m
  [4;36;1mSQL (0.7ms)[0m   [0;1mINSERT INTO schema_migrations (version) VALUES ('20091024210846')[0m
  [4;35;1mSQL (1.1ms)[0m   [0mSHOW TABLES[0m
  [4;36;1mSQL (0.3ms)[0m   [0;1mSELECT version FROM schema_migrations[0m
  [4;35;1mSQL (0.8ms)[0m   [0mSHOW TABLES[0m
  [4;36;1mSQL (2.2ms)[0m   [0;1mSHOW FIELDS FROM `addresses`[0m
  [4;35;1mSQL (2.2ms)[0m   [0mdescribe `addresses`[0m
  [4;36;1mSQL (1.1ms)[0m   [0;1mSHOW KEYS FROM `addresses`[0m
  [4;35;1mSQL (1.7ms)[0m   [0mSHOW FIELDS FROM `artifact_bundles`[0m
  [4;36;1mSQL (2.4ms)[0m   [0;1mdescribe `artifact_bundles`[0m
  [4;35;1mSQL (1.5ms)[0m   [0mSHOW KEYS FROM `artifact_bundles`[0m
  [4;36;1mSQL (2.0ms)[0m   [0;1mSHOW FIELDS FROM `artifacts`[0m
  [4;35;1mSQL (2.6ms)[0m   [0mdescribe `artifacts`[0m
  [4;36;1mSQL (1.5ms)[0m   [0;1mSHOW KEYS FROM `artifacts`[0m
  [4;35;1mSQL (3.1ms)[0m   [0mSHOW FIELDS FROM `bschool_apps`[0m
  [4;36;1mSQL (2.3ms)[0m   [0;1mdescribe `bschool_apps`[0m
  [4;35;1mSQL (1.5ms)[0m   [0mSHOW KEYS FROM `bschool_apps`[0m
  [4;36;1mSQL (3.4ms)[0m   [0;1mSHOW FIELDS FROM `institution_people`[0m
  [4;35;1mSQL (2.2ms)[0m   [0mdescribe `institution_people`[0m
  [4;36;1mSQL (1.0ms)[0m   [0;1mSHOW KEYS FROM `institution_people`[0m
  [4;35;1mSQL (2.2ms)[0m   [0mSHOW FIELDS FROM `institutions`[0m
  [4;36;1mSQL (2.6ms)[0m   [0;1mdescribe `institutions`[0m
  [4;35;1mSQL (1.1ms)[0m   [0mSHOW KEYS FROM `institutions`[0m
  [4;36;1mSQL (1.9ms)[0m   [0;1mSHOW FIELDS FROM `people`[0m
  [4;35;1mSQL (2.3ms)[0m   [0mdescribe `people`[0m
  [4;36;1mSQL (0.8ms)[0m   [0;1mSHOW KEYS FROM `people`[0m
  [4;35;1mSQL (1.6ms)[0m   [0mSHOW FIELDS FROM `rounds`[0m
  [4;36;1mSQL (2.9ms)[0m   [0;1mdescribe `rounds`[0m
  [4;35;1mSQL (1.0ms)[0m   [0mSHOW KEYS FROM `rounds`[0m
  [4;36;1mSQL (2.0ms)[0m   [0;1mSHOW FIELDS FROM `users`[0m
  [4;35;1mSQL (3.2ms)[0m   [0mdescribe `users`[0m
  [4;36;1mSQL (0.9ms)[0m   [0;1mSHOW KEYS FROM `users`[0m
  [4;36;1mSQL (0.2ms)[0m   [0;1mSET NAMES 'utf8'[0m
  [4;35;1mSQL (0.1ms)[0m   [0mSET SQL_AUTO_IS_NULL=0[0m
  [4;36;1mSQL (0.7ms)[0m   [0;1mSHOW TABLES[0m
  [4;35;1mSQL (0.2ms)[0m   [0mSELECT version FROM schema_migrations[0m
Migrating to CreateUsers (20091022225523)
Migrating to CreateInstitutions (20091022231614)
Migrating to CreateAddresses (20091022232653)
Migrating to CreateBschoolApps (20091022233418)
Migrating to CreateArtifactBundles (20091022233552)
Migrating to CreateArtifacts (20091022233808)
Migrating to RenameFullName (20091023193426)
Migrating to RefactorUserPerson (20091023195758)
Migrating to CreatePeople (20091023200414)
Migrating to RenameBsidInBsapp (20091023201228)
Migrating to CreateRounds (20091023205017)
Migrating to AddArtifactSequence (20091023205357)
Migrating to CreateInstitutionPeople (20091023210422)
Migrating to AddFieldsToInstitutionPerson (20091023210723)
Migrating to RemoveUserInstFmAddress (20091024210846)
Migrating to CreateInstitutionAddresses (20091024211234)
  [4;36;1mSQL (263.1ms)[0m   [0;1mCREATE TABLE `institution_addresses` (`id` int(11) DEFAULT NULL auto_increment PRIMARY KEY, `institution_id` int(11), `address_id` int(11), `created_at` datetime, `updated_at` datetime) ENGINE=InnoDB[0m
  [4;35;1mSQL (1.0ms)[0m   [0mINSERT INTO schema_migrations (version) VALUES ('20091024211234')[0m
Migrating to CreateUserAddresses (20091024211252)
  [4;36;1mSQL (84.8ms)[0m   [0;1mCREATE TABLE `user_addresses` (`id` int(11) DEFAULT NULL auto_increment PRIMARY KEY, `user_id` int(11), `address_id` int(11), `created_at` datetime, `updated_at` datetime) ENGINE=InnoDB[0m
  [4;35;1mSQL (0.9ms)[0m   [0mINSERT INTO schema_migrations (version) VALUES ('20091024211252')[0m
  [4;36;1mSQL (1.0ms)[0m   [0;1mSHOW TABLES[0m
  [4;35;1mSQL (0.3ms)[0m   [0mSELECT version FROM schema_migrations[0m
  [4;36;1mSQL (0.9ms)[0m   [0;1mSHOW TABLES[0m
  [4;35;1mSQL (2.0ms)[0m   [0mSHOW FIELDS FROM `addresses`[0m
  [4;36;1mSQL (2.8ms)[0m   [0;1mdescribe `addresses`[0m
  [4;35;1mSQL (1.3ms)[0m   [0mSHOW KEYS FROM `addresses`[0m
  [4;36;1mSQL (1.7ms)[0m   [0;1mSHOW FIELDS FROM `artifact_bundles`[0m
  [4;35;1mSQL (2.5ms)[0m   [0mdescribe `artifact_bundles`[0m
  [4;36;1mSQL (1.2ms)[0m   [0;1mSHOW KEYS FROM `artifact_bundles`[0m
  [4;35;1mSQL (1.8ms)[0m   [0mSHOW FIELDS FROM `artifacts`[0m
  [4;36;1mSQL (3.7ms)[0m   [0;1mdescribe `artifacts`[0m
  [4;35;1mSQL (1.2ms)[0m   [0mSHOW KEYS FROM `artifacts`[0m
  [4;36;1mSQL (2.5ms)[0m   [0;1mSHOW FIELDS FROM `bschool_apps`[0m
  [4;35;1mSQL (3.9ms)[0m   [0mdescribe `bschool_apps`[0m
  [4;36;1mSQL (0.8ms)[0m   [0;1mSHOW KEYS FROM `bschool_apps`[0m
  [4;35;1mSQL (2.9ms)[0m   [0mSHOW FIELDS FROM `institution_addresses`[0m
  [4;36;1mSQL (2.4ms)[0m   [0;1mdescribe `institution_addresses`[0m
  [4;35;1mSQL (1.1ms)[0m   [0mSHOW KEYS FROM `institution_addresses`[0m
  [4;36;1mSQL (2.3ms)[0m   [0;1mSHOW FIELDS FROM `institution_people`[0m
  [4;35;1mSQL (3.0ms)[0m   [0mdescribe `institution_people`[0m
  [4;36;1mSQL (1.1ms)[0m   [0;1mSHOW KEYS FROM `institution_people`[0m
  [4;35;1mSQL (1.8ms)[0m   [0mSHOW FIELDS FROM `institutions`[0m
  [4;36;1mSQL (2.6ms)[0m   [0;1mdescribe `institutions`[0m
  [4;35;1mSQL (1.0ms)[0m   [0mSHOW KEYS FROM `institutions`[0m
  [4;36;1mSQL (2.5ms)[0m   [0;1mSHOW FIELDS FROM `people`[0m
  [4;35;1mSQL (2.5ms)[0m   [0mdescribe `people`[0m
  [4;36;1mSQL (1.2ms)[0m   [0;1mSHOW KEYS FROM `people`[0m
  [4;35;1mSQL (1.6ms)[0m   [0mSHOW FIELDS FROM `rounds`[0m
  [4;36;1mSQL (2.5ms)[0m   [0;1mdescribe `rounds`[0m
  [4;35;1mSQL (1.0ms)[0m   [0mSHOW KEYS FROM `rounds`[0m
  [4;36;1mSQL (1.7ms)[0m   [0;1mSHOW FIELDS FROM `user_addresses`[0m
  [4;35;1mSQL (2.9ms)[0m   [0mdescribe `user_addresses`[0m
  [4;36;1mSQL (1.0ms)[0m   [0;1mSHOW KEYS FROM `user_addresses`[0m
  [4;35;1mSQL (2.4ms)[0m   [0mSHOW FIELDS FROM `users`[0m
  [4;36;1mSQL (2.8ms)[0m   [0;1mdescribe `users`[0m
  [4;35;1mSQL (0.9ms)[0m   [0mSHOW KEYS FROM `users`[0m
  [4;36;1mSQL (31.6ms)[0m   [0;1mSET NAMES 'utf8'[0m
  [4;35;1mSQL (12.3ms)[0m   [0mSET SQL_AUTO_IS_NULL=0[0m
  [4;36;1mSQL (78.1ms)[0m   [0;1mSHOW TABLES[0m
  [4;35;1mSQL (1.8ms)[0m   [0mSELECT version FROM schema_migrations[0m
Migrating to CreateUsers (20091022225523)
Migrating to CreateInstitutions (20091022231614)
Migrating to CreateAddresses (20091022232653)
Migrating to CreateBschoolApps (20091022233418)
Migrating to CreateArtifactBundles (20091022233552)
Migrating to CreateArtifacts (20091022233808)
Migrating to RenameFullName (20091023193426)
Migrating to RefactorUserPerson (20091023195758)
Migrating to CreatePeople (20091023200414)
Migrating to RenameBsidInBsapp (20091023201228)
Migrating to CreateRounds (20091023205017)
Migrating to AddArtifactSequence (20091023205357)
Migrating to CreateInstitutionPeople (20091023210422)
Migrating to AddFieldsToInstitutionPerson (20091023210723)
  [4;36;1mSQL (0.5ms)[0m   [0;1mSHOW TABLES[0m
  [4;35;1mSQL (0.2ms)[0m   [0mSELECT version FROM schema_migrations[0m
  [4;36;1mSQL (0.4ms)[0m   [0;1mSHOW TABLES[0m
  [4;35;1mSQL (2.5ms)[0m   [0mSHOW FIELDS FROM `addresses`[0m
  [4;36;1mSQL (1.3ms)[0m   [0;1mdescribe `addresses`[0m
  [4;35;1mSQL (0.2ms)[0m   [0mSHOW KEYS FROM `addresses`[0m
  [4;36;1mSQL (2.4ms)[0m   [0;1mSHOW FIELDS FROM `artifact_bundles`[0m
  [4;35;1mSQL (4.4ms)[0m   [0mdescribe `artifact_bundles`[0m
  [4;36;1mSQL (0.2ms)[0m   [0;1mSHOW KEYS FROM `artifact_bundles`[0m
  [4;35;1mSQL (2.0ms)[0m   [0mSHOW FIELDS FROM `artifacts`[0m
  [4;36;1mSQL (7.8ms)[0m   [0;1mdescribe `artifacts`[0m
  [4;35;1mSQL (0.4ms)[0m   [0mSHOW KEYS FROM `artifacts`[0m
  [4;36;1mSQL (11.4ms)[0m   [0;1mSHOW FIELDS FROM `bschool_apps`[0m
  [4;35;1mSQL (1.4ms)[0m   [0mdescribe `bschool_apps`[0m
  [4;36;1mSQL (0.5ms)[0m   [0;1mSHOW KEYS FROM `bschool_apps`[0m
  [4;35;1mSQL (2.0ms)[0m   [0mSHOW FIELDS FROM `institution_people`[0m
  [4;36;1mSQL (1.8ms)[0m   [0;1mdescribe `institution_people`[0m
  [4;35;1mSQL (0.4ms)[0m   [0mSHOW KEYS FROM `institution_people`[0m
  [4;36;1mSQL (12.9ms)[0m   [0;1mSHOW FIELDS FROM `institutions`[0m
  [4;35;1mSQL (1.7ms)[0m   [0mdescribe `institutions`[0m
  [4;36;1mSQL (0.4ms)[0m   [0;1mSHOW KEYS FROM `institutions`[0m
  [4;35;1mSQL (2.1ms)[0m   [0mSHOW FIELDS FROM `people`[0m
  [4;36;1mSQL (1.4ms)[0m   [0;1mdescribe `people`[0m
  [4;35;1mSQL (0.5ms)[0m   [0mSHOW KEYS FROM `people`[0m
  [4;36;1mSQL (3.4ms)[0m   [0;1mSHOW FIELDS FROM `rounds`[0m
  [4;35;1mSQL (1.5ms)[0m   [0mdescribe `rounds`[0m
  [4;36;1mSQL (0.3ms)[0m   [0;1mSHOW KEYS FROM `rounds`[0m
  [4;35;1mSQL (2.2ms)[0m   [0mSHOW FIELDS FROM `users`[0m
  [4;36;1mSQL (1.9ms)[0m   [0;1mdescribe `users`[0m
  [4;35;1mSQL (0.2ms)[0m   [0mSHOW KEYS FROM `users`[0m
  [4;36;1mSQL (0.1ms)[0m   [0;1mSET NAMES 'utf8'[0m
  [4;35;1mSQL (0.1ms)[0m   [0mSET SQL_AUTO_IS_NULL=0[0m
  [4;36;1mClient Columns (1.8ms)[0m   [0;1mSHOW FIELDS FROM `users`[0m
  [4;36;1mSQL (0.1ms)[0m   [0;1mSET NAMES 'utf8'[0m
  [4;35;1mSQL (0.1ms)[0m   [0mSET SQL_AUTO_IS_NULL=0[0m
  [4;36;1mClient Columns (1.9ms)[0m   [0;1mSHOW FIELDS FROM `users`[0m
  [4;35;1mPerson Columns (1.7ms)[0m   [0mSHOW FIELDS FROM `people`[0m
  [4;36;1mSQL (0.2ms)[0m   [0;1mSET NAMES 'utf8'[0m
  [4;35;1mSQL (0.1ms)[0m   [0mSET SQL_AUTO_IS_NULL=0[0m
  [4;36;1mBschool Columns (1.5ms)[0m   [0;1mSHOW FIELDS FROM `institutions`[0m
  [4;35;1mSQL (0.1ms)[0m   [0mBEGIN[0m
  [4;36;1mBschool Create (0.4ms)[0m   [0;1mINSERT INTO `institutions` (`institution_type`, `updated_at`, `abbreviation`, `short_name`, `full_name`, `created_at`) VALUES('Bschool', '2009-10-25 00:07:38', 'HBS', 'Harvard', 'Harvard Business School', '2009-10-25 00:07:38')[0m
  [4;35;1mSQL (0.4ms)[0m   [0mCOMMIT[0m
  [4;36;1mSQL (0.1ms)[0m   [0;1mSET NAMES 'utf8'[0m
  [4;35;1mSQL (0.1ms)[0m   [0mSET SQL_AUTO_IS_NULL=0[0m
  [4;36;1mBschool Columns (1.5ms)[0m   [0;1mSHOW FIELDS FROM `institutions`[0m
  [4;35;1mBschool Load (0.5ms)[0m   [0mSELECT * FROM `institutions` WHERE (`institutions`.`id` = 1) AND ( (`institutions`.`institution_type` = 'Bschool' ) ) [0m
  [4;36;1mSQL (1.0ms)[0m   [0;1mSHOW TABLES[0m
  [4;35;1mBschoolApp Columns (1.3ms)[0m   [0mSHOW FIELDS FROM `bschool_apps`[0m
  [4;36;1mBschoolApp Load (0.0ms)[0m   [0;1mMysql::Error: Unknown column 'bschool_apps.bschool_id' in 'where clause': SELECT * FROM `bschool_apps` WHERE (`bschool_apps`.bschool_id = 1) [0m
  [4;35;1mBschoolApp Load (0.0ms)[0m   [0mMysql::Error: Unknown column 'bschool_apps.bschool_id' in 'where clause': SELECT * FROM `bschool_apps` WHERE (`bschool_apps`.bschool_id = 1) [0m
  [4;36;1mSQL (0.1ms)[0m   [0;1mSET NAMES 'utf8'[0m
  [4;35;1mSQL (0.1ms)[0m   [0mSET SQL_AUTO_IS_NULL=0[0m
  [4;36;1mBschool Columns (1.5ms)[0m   [0;1mSHOW FIELDS FROM `institutions`[0m
  [4;36;1mSQL (0.1ms)[0m   [0;1mSET NAMES 'utf8'[0m
  [4;35;1mSQL (0.1ms)[0m   [0mSET SQL_AUTO_IS_NULL=0[0m
  [4;36;1mBschool Columns (1.5ms)[0m   [0;1mSHOW FIELDS FROM `institutions`[0m
  [4;35;1mBschool Load (0.3ms)[0m   [0mSELECT * FROM `institutions` WHERE (`institutions`.`id` = 1) AND ( (`institutions`.`institution_type` = 'Bschool' ) ) [0m
  [4;36;1mBschoolApp Load (0.3ms)[0m   [0;1mSELECT * FROM `bschool_apps` WHERE (`bschool_apps`.institution_id = 1) [0m
  [4;35;1mSQL (0.7ms)[0m   [0mSHOW TABLES[0m
  [4;36;1mBschoolApp Columns (1.6ms)[0m   [0;1mSHOW FIELDS FROM `bschool_apps`[0m
  [4;35;1mSQL (0.1ms)[0m   [0mBEGIN[0m
  [4;36;1mBschoolApp Create (0.2ms)[0m   [0;1mINSERT INTO `bschool_apps` (`updated_at`, `institution_id`, `year`, `created_at`) VALUES('2009-10-25 00:12:10', 1, 2009, '2009-10-25 00:12:10')[0m
  [4;35;1mSQL (0.3ms)[0m   [0mCOMMIT[0m
  [4;36;1mUser Columns (1.8ms)[0m   [0;1mSHOW FIELDS FROM `users`[0m
  [4;35;1mSQL (0.1ms)[0m   [0mBEGIN[0m
  [4;36;1mUser Load (0.4ms)[0m   [0;1mSELECT `users`.id FROM `users` WHERE (`users`.`login` = BINARY 'kenr@nodots.com') LIMIT 1[0m
  [4;35;1mUser Load (0.1ms)[0m   [0mSELECT `users`.id FROM `users` WHERE (`users`.`email` = BINARY 'kenr@nodots.com') LIMIT 1[0m
  [4;36;1mUser Create (0.2ms)[0m   [0;1mINSERT INTO `users` (`name`, `salt`, `updated_at`, `activated_at`, `crypted_password`, `deleted_at`, `remember_token_expires_at`, `activation_code`, `remember_token`, `user_type`, `login`, `person_id`, `email`, `created_at`, `state`) VALUES('Ken Riley', '86cbd4d13b70008808a8e96b2ef8a62161fb2f50', '2009-10-25 00:15:35', NULL, '5ba964666624796af35493f1fcdd3f84fa5e54ef', NULL, NULL, NULL, NULL, NULL, 'kenr@nodots.com', NULL, 'kenr@nodots.com', '2009-10-25 00:15:35', 'passive')[0m
  [4;35;1mSQL (0.4ms)[0m   [0mCOMMIT[0m
  [4;36;1mPerson Load (0.0ms)[0m   [0;1mMysql::Error: Unknown column 'people.user_id' in 'where clause': SELECT * FROM `people` WHERE (`people`.user_id = 1) LIMIT 1[0m
  [4;36;1mSQL (0.2ms)[0m   [0;1mSET NAMES 'utf8'[0m
  [4;35;1mSQL (0.1ms)[0m   [0mSET SQL_AUTO_IS_NULL=0[0m
  [4;36;1mSQL (0.6ms)[0m   [0;1mSHOW TABLES[0m
  [4;35;1mSQL (0.2ms)[0m   [0mSELECT version FROM schema_migrations[0m
Migrating to CreateUsers (20091022225523)
Migrating to CreateInstitutions (20091022231614)
Migrating to CreateAddresses (20091022232653)
Migrating to CreateBschoolApps (20091022233418)
Migrating to CreateArtifactBundles (20091022233552)
Migrating to CreateArtifacts (20091022233808)
Migrating to RenameFullName (20091023193426)
Migrating to RefactorUserPerson (20091023195758)
Migrating to CreatePeople (20091023200414)
Migrating to RenameBsidInBsapp (20091023201228)
Migrating to CreateRounds (20091023205017)
Migrating to AddArtifactSequence (20091023205357)
Migrating to CreateInstitutionPeople (20091023210422)
Migrating to AddFieldsToInstitutionPerson (20091023210723)
Migrating to AddUidToPerson (20091025001657)
  [4;36;1mSQL (63.0ms)[0m   [0;1mALTER TABLE `people` ADD `user_id` int(11)[0m
  [4;35;1mSQL (0.4ms)[0m   [0mINSERT INTO schema_migrations (version) VALUES ('20091025001657')[0m
  [4;36;1mSQL (0.9ms)[0m   [0;1mSHOW TABLES[0m
  [4;35;1mSQL (0.2ms)[0m   [0mSELECT version FROM schema_migrations[0m
  [4;36;1mSQL (0.5ms)[0m   [0;1mSHOW TABLES[0m
  [4;35;1mSQL (68.1ms)[0m   [0mSHOW FIELDS FROM `addresses`[0m
  [4;36;1mSQL (1.4ms)[0m   [0;1mdescribe `addresses`[0m
  [4;35;1mSQL (0.9ms)[0m   [0mSHOW KEYS FROM `addresses`[0m
  [4;36;1mSQL (1.1ms)[0m   [0;1mSHOW FIELDS FROM `artifact_bundles`[0m
  [4;35;1mSQL (1.6ms)[0m   [0mdescribe `artifact_bundles`[0m
  [4;36;1mSQL (0.4ms)[0m   [0;1mSHOW KEYS FROM `artifact_bundles`[0m
  [4;35;1mSQL (1.3ms)[0m   [0mSHOW FIELDS FROM `artifacts`[0m
  [4;36;1mSQL (1.6ms)[0m   [0;1mdescribe `artifacts`[0m
  [4;35;1mSQL (1.1ms)[0m   [0mSHOW KEYS FROM `artifacts`[0m
  [4;36;1mSQL (1.1ms)[0m   [0;1mSHOW FIELDS FROM `bschool_apps`[0m
  [4;35;1mSQL (1.3ms)[0m   [0mdescribe `bschool_apps`[0m
  [4;36;1mSQL (0.2ms)[0m   [0;1mSHOW KEYS FROM `bschool_apps`[0m
  [4;35;1mSQL (1.3ms)[0m   [0mSHOW FIELDS FROM `institution_people`[0m
  [4;36;1mSQL (1.5ms)[0m   [0;1mdescribe `institution_people`[0m
  [4;35;1mSQL (0.4ms)[0m   [0mSHOW KEYS FROM `institution_people`[0m
  [4;36;1mSQL (1.5ms)[0m   [0;1mSHOW FIELDS FROM `institutions`[0m
  [4;35;1mSQL (1.3ms)[0m   [0mdescribe `institutions`[0m
  [4;36;1mSQL (0.4ms)[0m   [0;1mSHOW KEYS FROM `institutions`[0m
  [4;35;1mSQL (1.4ms)[0m   [0mSHOW FIELDS FROM `people`[0m
  [4;36;1mSQL (1.6ms)[0m   [0;1mdescribe `people`[0m
  [4;35;1mSQL (0.4ms)[0m   [0mSHOW KEYS FROM `people`[0m
  [4;36;1mSQL (1.1ms)[0m   [0;1mSHOW FIELDS FROM `rounds`[0m
  [4;35;1mSQL (1.5ms)[0m   [0mdescribe `rounds`[0m
  [4;36;1mSQL (0.4ms)[0m   [0;1mSHOW KEYS FROM `rounds`[0m
  [4;35;1mSQL (1.4ms)[0m   [0mSHOW FIELDS FROM `users`[0m
  [4;36;1mSQL (2.1ms)[0m   [0;1mdescribe `users`[0m
  [4;35;1mSQL (0.2ms)[0m   [0mSHOW KEYS FROM `users`[0m
  [4;35;1mSQL (0.1ms)[0m   [0mSET NAMES 'utf8'[0m
  [4;36;1mSQL (0.1ms)[0m   [0;1mSET SQL_AUTO_IS_NULL=0[0m
  [4;35;1mUser Columns (1.8ms)[0m   [0mSHOW FIELDS FROM `users`[0m
  [4;36;1mSQL (0.2ms)[0m   [0;1mSET NAMES 'utf8'[0m
  [4;35;1mSQL (0.1ms)[0m   [0mSET SQL_AUTO_IS_NULL=0[0m
  [4;36;1mUser Columns (2.1ms)[0m   [0;1mSHOW FIELDS FROM `users`[0m
  [4;35;1mUser Load (0.5ms)[0m   [0mSELECT * FROM `users` WHERE (`users`.`id` = 1) [0m
  [4;36;1mPerson Load (0.3ms)[0m   [0;1mSELECT * FROM `people` WHERE (`people`.user_id = 1) LIMIT 1[0m
  [4;35;1mApplicant Columns (1.8ms)[0m   [0mSHOW FIELDS FROM `institution_people`[0m
  [4;36;1mSQL (0.1ms)[0m   [0;1mSET NAMES 'utf8'[0m
  [4;35;1mSQL (0.1ms)[0m   [0mSET SQL_AUTO_IS_NULL=0[0m
  [4;36;1mApplicant Columns (1.6ms)[0m   [0;1mSHOW FIELDS FROM `institution_people`[0m
  [4;35;1mPerson Columns (1.6ms)[0m   [0mSHOW FIELDS FROM `people`[0m
  [4;36;1mSQL (0.1ms)[0m   [0;1mBEGIN[0m
  [4;35;1mPerson Create (0.3ms)[0m   [0mINSERT INTO `people` (`dob`, `updated_at`, `abbreviation`, `sex`, `user_id`, `full_name`, `preferred_name`, `created_at`) VALUES(1960, '2009-10-25 00:23:35', 'kenr', NULL, 1, 'Kenneth Alan Riley', 'Ken Riley', '2009-10-25 00:23:35')[0m
  [4;36;1mSQL (0.6ms)[0m   [0;1mCOMMIT[0m
  [4;35;1mUser Columns (1.8ms)[0m   [0mSHOW FIELDS FROM `users`[0m
  [4;36;1mUser Load (0.3ms)[0m   [0;1mSELECT * FROM `users` WHERE (`users`.`id` = 1) [0m
  [4;35;1mPerson Load (0.3ms)[0m   [0mSELECT * FROM `people` WHERE (`people`.user_id = 1) LIMIT 1[0m
  [4;36;1mSQL (0.1ms)[0m   [0;1mBEGIN[0m
  [4;35;1mPerson Update (0.3ms)[0m   [0mUPDATE `people` SET `sex` = 'M', `updated_at` = '2009-10-25 00:24:15' WHERE `id` = 2[0m
  [4;36;1mSQL (256.9ms)[0m   [0;1mCOMMIT[0m
  [4;35;1mSQL (0.1ms)[0m   [0mBEGIN[0m
  [4;36;1mUser Load (0.3ms)[0m   [0;1mSELECT `users`.id FROM `users` WHERE (`users`.`login` = BINARY 'kenr@nodots.com' AND `users`.id <> 1) LIMIT 1[0m
  [4;35;1mUser Load (0.1ms)[0m   [0mSELECT `users`.id FROM `users` WHERE (`users`.`email` = BINARY 'kenr@nodots.com' AND `users`.id <> 1) LIMIT 1[0m
  [4;36;1mUser Update (0.2ms)[0m   [0;1mUPDATE `users` SET `user_type` = 'Client', `updated_at` = '2009-10-25 00:24:30' WHERE `id` = 1[0m
  [4;35;1mSQL (0.4ms)[0m   [0mCOMMIT[0m
  [4;36;1mClient Columns (2.0ms)[0m   [0;1mSHOW FIELDS FROM `users`[0m
  [4;35;1mClient Load (0.3ms)[0m   [0mSELECT * FROM `users` WHERE ( (`users`.`user_type` = 'Client' ) ) [0m
  [4;36;1mSQL (0.1ms)[0m   [0;1mBEGIN[0m
  [4;35;1mApplicant Create (0.2ms)[0m   [0mINSERT INTO `institution_people` (`institution_person_type`, `start_date`, `end_date`, `degree`, `updated_at`, `title`, `institution_id`, `person_id`, `created_at`) VALUES('Applicant', NULL, NULL, NULL, '2009-10-25 00:25:42', NULL, 1, 1, '2009-10-25 00:25:42')[0m
  [4;36;1mSQL (0.6ms)[0m   [0;1mCOMMIT[0m
  [4;35;1mInstitution Columns (1.7ms)[0m   [0mSHOW FIELDS FROM `institutions`[0m
  [4;36;1mInstitution Load (0.2ms)[0m   [0;1mSELECT * FROM `institutions` WHERE (`institutions`.`id` = 1) [0m
  [4;35;1mBschool Columns (1.2ms)[0m   [0mSHOW FIELDS FROM `institutions`[0m
  [4;36;1mPerson Load (0.4ms)[0m   [0;1mSELECT * FROM `people` WHERE (`people`.`id` = 1) [0m
  [4;36;1mSQL (0.2ms)[0m   [0;1mSET NAMES 'utf8'[0m
  [4;35;1mSQL (0.1ms)[0m   [0mSET SQL_AUTO_IS_NULL=0[0m
  [4;36;1mStudent Columns (13.6ms)[0m   [0;1mSHOW FIELDS FROM `institution_people`[0m
  [4;35;1mSQL (0.1ms)[0m   [0mBEGIN[0m
  [4;36;1mSQL (0.1ms)[0m   [0;1mCOMMIT[0m
  [4;35;1mClient Columns (22.1ms)[0m   [0mSHOW FIELDS FROM `users`[0m
